<?xml version="1.0" encoding="UTF-8" ?>
<testsuite failures="0" time="1.054" errors="1" skipped="0" tests="1" name="org.springframework.samples.petclinic.web.VisitsViewTests">
  <properties>
[...]
</properties>
  <testcase time="1.054" classname="org.springframework.samples.petclinic.web.VisitsViewTests" name="getVisitsXml">
    <error message="Could not resolve view with name &apos;exception&apos; in servlet with name &apos;&apos;" type="javax.servlet.ServletException">javax.servlet.ServletException: Could not resolve view with name &apos;exception&apos; in servlet with name &apos;&apos;
	at org.springframework.web.servlet.DispatcherServlet.render(DispatcherServlet.java:1190)
	at org.springframework.test.web.servlet.TestDispatcherServlet.render(TestDispatcherServlet.java:112)
	at org.springframework.web.servlet.DispatcherServlet.processDispatchResult(DispatcherServlet.java:992)
	at org.springframework.web.servlet.DispatcherServlet.doDispatch(DispatcherServlet.java:939)
	at org.springframework.web.servlet.DispatcherServlet.doService(DispatcherServlet.java:856)
	at org.springframework.web.servlet.FrameworkServlet.processRequest(FrameworkServlet.java:936)
	at org.springframework.web.servlet.FrameworkServlet.doGet(FrameworkServlet.java:827)
	at javax.servlet.http.HttpServlet.service(HttpServlet.java:707)
	at org.springframework.web.servlet.FrameworkServlet.service(FrameworkServlet.java:812)
	at org.springframework.test.web.servlet.TestDispatcherServlet.service(TestDispatcherServlet.java:66)
	at javax.servlet.http.HttpServlet.service(HttpServlet.java:820)
	at org.springframework.mock.web.MockFilterChain$ServletFilterProxy.doFilter(MockFilterChain.java:168)
	at org.springframework.mock.web.MockFilterChain.doFilter(MockFilterChain.java:136)
	at org.springframework.test.web.servlet.MockMvc.perform(MockMvc.java:134)
	at org.springframework.samples.petclinic.web.VisitsViewTests.getVisitsXml(VisitsViewTests.java:63)
</error>
    <system-out>INFO  XmlBeanDefinitionReader - Loading XML bean definitions from class path resource [org/springframework/samples/petclinic/web/VisitsViewTests-config.xml]
INFO  XmlBeanDefinitionReader - Loading XML bean definitions from class path resource [spring/business-config.xml]
INFO  XmlBeanDefinitionReader - Loading XML bean definitions from class path resource [spring/datasource-config.xml]
INFO  XmlBeanDefinitionReader - Loading XML bean definitions from class path resource [spring/mvc-core-config.xml]
INFO  XmlBeanDefinitionReader - Loading XML bean definitions from class path resource [spring/mvc-view-config.xml]
INFO  GenericWebApplicationContext - Refreshing org.springframework.web.context.support.GenericWebApplicationContext@1953d8d4: startup date [Mon Nov 25 19:41:56 CET 2013]; root of context hierarchy
INFO  PropertyPlaceholderConfigurer - Loading properties file from class path resource [spring/data-access.properties]
INFO  PropertyPlaceholderConfigurer - Loading properties file from class path resource [spring/data-access.properties]
INFO  DefaultListableBeanFactory - Pre-instantiating singletons in org.springframework.beans.factory.support.DefaultListableBeanFactory@56764b75: defining beans [org.springframework.beans.factory.config.PropertyPlaceholderConfigurer#0,dataSource,dataSourceInit,org.springframework.jdbc.datasource.init.DataSourceInitializer#0,clinicServiceImpl,org.springframework.context.annotation.internalConfigurationAnnotationProcessor,org.springframework.context.annotation.internalAutowiredAnnotationProcessor,org.springframework.context.annotation.internalRequiredAnnotationProcessor,org.springframework.context.annotation.internalCommonAnnotationProcessor,org.springframework.context.annotation.internalPersistenceAnnotationProcessor,org.springframework.beans.factory.config.PropertyPlaceholderConfigurer#1,org.springframework.aop.config.internalAutoProxyCreator,org.springframework.transaction.annotation.AnnotationTransactionAttributeSource#0,org.springframework.transaction.interceptor.TransactionInterceptor#0,org.springframework.transaction.config.internalTransactionAdvisor,transactionManager,jdbcTemplate,namedParameterJdbcTemplate,jdbcOwnerRepositoryImpl,jdbcPetRepositoryImpl,jdbcVetRepositoryImpl,jdbcVisitRepositoryImpl,org.springframework.web.servlet.view.ContentNegotiatingViewResolver#0,cnManager,vets/vetList.atom,vets/vetList.xml,marshaller,crashController,ownerController,petController,vetController,visitController,mvcContentNegotiationManager,org.springframework.web.servlet.mvc.method.annotation.RequestMappingHandlerMapping#0,org.springframework.validation.beanvalidation.LocalValidatorFactoryBean#0,org.springframework.web.servlet.mvc.method.annotation.RequestMappingHandlerAdapter#0,org.springframework.web.servlet.handler.MappedInterceptor#0,org.springframework.web.servlet.mvc.method.annotation.ExceptionHandlerExceptionResolver#0,org.springframework.web.servlet.mvc.annotation.ResponseStatusExceptionResolver#0,org.springframework.web.servlet.mvc.support.DefaultHandlerExceptionResolver#0,org.springframework.web.servlet.handler.BeanNameUrlHandlerMapping,org.springframework.web.servlet.mvc.HttpRequestHandlerAdapter,org.springframework.web.servlet.mvc.SimpleControllerHandlerAdapter,org.springframework.web.servlet.resource.ResourceHttpRequestHandler#0,org.springframework.web.servlet.handler.SimpleUrlHandlerMapping#0,org.springframework.web.servlet.resource.ResourceHttpRequestHandler#1,org.springframework.web.servlet.handler.SimpleUrlHandlerMapping#1,org.springframework.web.servlet.config.viewControllerHandlerMapping,org.springframework.web.servlet.resource.DefaultServletHttpRequestHandler#0,org.springframework.web.servlet.handler.SimpleUrlHandlerMapping#2,conversionService,messageSource,org.springframework.web.servlet.handler.SimpleMappingExceptionResolver#0,org.springframework.context.annotation.ConfigurationClassPostProcessor.importAwareProcessor]; root of factory hierarchy
INFO  ResourceDatabasePopulator - Executing SQL script from class path resource [db/hsqldb/initDB.sql]
INFO  ResourceDatabasePopulator - Done executing SQL script from class path resource [db/hsqldb/initDB.sql] in 9 ms.
INFO  ResourceDatabasePopulator - Executing SQL script from class path resource [db/hsqldb/populateDB.sql]
INFO  ResourceDatabasePopulator - Done executing SQL script from class path resource [db/hsqldb/populateDB.sql] in 11 ms.
INFO  Jaxb2Marshaller - Creating JAXBContext with classes to be bound [class org.springframework.samples.petclinic.model.Vets]
INFO  RequestMappingHandlerMapping - Mapped &quot;{[/oups],methods=[GET],params=[],headers=[],consumes=[],produces=[],custom=[]}&quot; onto public java.lang.String org.springframework.samples.petclinic.web.CrashController.triggerException()
INFO  RequestMappingHandlerMapping - Mapped &quot;{[/owners/new],methods=[GET],params=[],headers=[],consumes=[],produces=[],custom=[]}&quot; onto public java.lang.String org.springframework.samples.petclinic.web.OwnerController.initCreationForm(java.util.Map&lt;java.lang.String, java.lang.Object&gt;)
INFO  RequestMappingHandlerMapping - Mapped &quot;{[/owners/new],methods=[POST],params=[],headers=[],consumes=[],produces=[],custom=[]}&quot; onto public java.lang.String org.springframework.samples.petclinic.web.OwnerController.processCreationForm(org.springframework.samples.petclinic.model.Owner,org.springframework.validation.BindingResult,org.springframework.web.bind.support.SessionStatus)
INFO  RequestMappingHandlerMapping - Mapped &quot;{[/owners/find],methods=[GET],params=[],headers=[],consumes=[],produces=[],custom=[]}&quot; onto public java.lang.String org.springframework.samples.petclinic.web.OwnerController.initFindForm(java.util.Map&lt;java.lang.String, java.lang.Object&gt;)
INFO  RequestMappingHandlerMapping - Mapped &quot;{[/owners],methods=[GET],params=[],headers=[],consumes=[],produces=[],custom=[]}&quot; onto public java.lang.String org.springframework.samples.petclinic.web.OwnerController.processFindForm(org.springframework.samples.petclinic.model.Owner,org.springframework.validation.BindingResult,java.util.Map&lt;java.lang.String, java.lang.Object&gt;)
INFO  RequestMappingHandlerMapping - Mapped &quot;{[/owners/{ownerId}/edit],methods=[GET],params=[],headers=[],consumes=[],produces=[],custom=[]}&quot; onto public java.lang.String org.springframework.samples.petclinic.web.OwnerController.initUpdateOwnerForm(int,org.springframework.ui.Model)
INFO  RequestMappingHandlerMapping - Mapped &quot;{[/owners/{ownerId}/edit],methods=[PUT],params=[],headers=[],consumes=[],produces=[],custom=[]}&quot; onto public java.lang.String org.springframework.samples.petclinic.web.OwnerController.processUpdateOwnerForm(org.springframework.samples.petclinic.model.Owner,org.springframework.validation.BindingResult,org.springframework.web.bind.support.SessionStatus)
INFO  RequestMappingHandlerMapping - Mapped &quot;{[/owners/{ownerId}],methods=[],params=[],headers=[],consumes=[],produces=[],custom=[]}&quot; onto public org.springframework.web.servlet.ModelAndView org.springframework.samples.petclinic.web.OwnerController.showOwner(int)
INFO  RequestMappingHandlerMapping - Mapped &quot;{[/owners/{ownerId}/pets/new],methods=[GET],params=[],headers=[],consumes=[],produces=[],custom=[]}&quot; onto public java.lang.String org.springframework.samples.petclinic.web.PetController.initCreationForm(int,java.util.Map&lt;java.lang.String, java.lang.Object&gt;)
INFO  RequestMappingHandlerMapping - Mapped &quot;{[/owners/{ownerId}/pets/new],methods=[POST],params=[],headers=[],consumes=[],produces=[],custom=[]}&quot; onto public java.lang.String org.springframework.samples.petclinic.web.PetController.processCreationForm(org.springframework.samples.petclinic.model.Pet,org.springframework.validation.BindingResult,org.springframework.web.bind.support.SessionStatus)
INFO  RequestMappingHandlerMapping - Mapped &quot;{[/owners/*/pets/{petId}/edit],methods=[GET],params=[],headers=[],consumes=[],produces=[],custom=[]}&quot; onto public java.lang.String org.springframework.samples.petclinic.web.PetController.initUpdateForm(int,java.util.Map&lt;java.lang.String, java.lang.Object&gt;)
INFO  RequestMappingHandlerMapping - Mapped &quot;{[/owners/{ownerId}/pets/{petId}/edit],methods=[PUT || POST],params=[],headers=[],consumes=[],produces=[],custom=[]}&quot; onto public java.lang.String org.springframework.samples.petclinic.web.PetController.processUpdateForm(org.springframework.samples.petclinic.model.Pet,org.springframework.validation.BindingResult,org.springframework.web.bind.support.SessionStatus)
INFO  RequestMappingHandlerMapping - Mapped &quot;{[/vets],methods=[],params=[],headers=[],consumes=[],produces=[],custom=[]}&quot; onto public java.lang.String org.springframework.samples.petclinic.web.VetController.showVetList(java.util.Map&lt;java.lang.String, java.lang.Object&gt;)
INFO  RequestMappingHandlerMapping - Mapped &quot;{[/owners/*/pets/{petId}/visits/new],methods=[GET],params=[],headers=[],consumes=[],produces=[],custom=[]}&quot; onto public java.lang.String org.springframework.samples.petclinic.web.VisitController.initNewVisitForm(int,java.util.Map&lt;java.lang.String, java.lang.Object&gt;)
INFO  RequestMappingHandlerMapping - Mapped &quot;{[/owners/{ownerId}/pets/{petId}/visits/new],methods=[POST],params=[],headers=[],consumes=[],produces=[],custom=[]}&quot; onto public java.lang.String org.springframework.samples.petclinic.web.VisitController.processNewVisitForm(org.springframework.samples.petclinic.model.Visit,org.springframework.validation.BindingResult,org.springframework.web.bind.support.SessionStatus)
INFO  RequestMappingHandlerMapping - Mapped &quot;{[/owners/*/pets/{petId}/visits],methods=[GET],params=[],headers=[],consumes=[],produces=[],custom=[]}&quot; onto public org.springframework.web.servlet.ModelAndView org.springframework.samples.petclinic.web.VisitController.showVisits(int)
INFO  SimpleUrlHandlerMapping - Mapped URL path [/resources/**] onto handler &apos;org.springframework.web.servlet.resource.ResourceHttpRequestHandler#0&apos;
INFO  SimpleUrlHandlerMapping - Mapped URL path [/webjars/**] onto handler &apos;org.springframework.web.servlet.resource.ResourceHttpRequestHandler#1&apos;
INFO  SimpleUrlHandlerMapping - Root mapping to handler of type [class org.springframework.web.servlet.mvc.ParameterizableViewController]
INFO  SimpleUrlHandlerMapping - Mapped URL path [/**] onto handler &apos;org.springframework.web.servlet.resource.DefaultServletHttpRequestHandler#0&apos;
INFO  MockServletContext - Initializing Spring FrameworkServlet &apos;&apos;
INFO  TestDispatcherServlet - FrameworkServlet &apos;&apos;: initialization started
INFO  TestDispatcherServlet - FrameworkServlet &apos;&apos;: initialization completed in 17 ms
WARN  warn - Handler execution resulted in exception
org.springframework.jdbc.BadSqlGrammarException: StatementCallback; bad SQL grammar [SELECT id, first_name, last_name FROM vets ORDER BY last_name,first_name]; nested exception is java.sql.SQLSyntaxErrorException: user lacks privilege or object not found: VETS
	at org.springframework.jdbc.support.SQLExceptionSubclassTranslator.doTranslate(SQLExceptionSubclassTranslator.java:95) ~[spring-jdbc-3.2.4.RELEASE.jar:3.2.4.RELEASE]
	at org.springframework.jdbc.support.AbstractFallbackSQLExceptionTranslator.translate(AbstractFallbackSQLExceptionTranslator.java:72) ~[spring-jdbc-3.2.4.RELEASE.jar:3.2.4.RELEASE]
	at org.springframework.jdbc.support.AbstractFallbackSQLExceptionTranslator.translate(AbstractFallbackSQLExceptionTranslator.java:80) ~[spring-jdbc-3.2.4.RELEASE.jar:3.2.4.RELEASE]
	at org.springframework.jdbc.core.JdbcTemplate.execute(JdbcTemplate.java:407) ~[spring-jdbc-3.2.4.RELEASE.jar:3.2.4.RELEASE]
	at org.springframework.jdbc.core.JdbcTemplate.query(JdbcTemplate.java:456) ~[spring-jdbc-3.2.4.RELEASE.jar:3.2.4.RELEASE]
	at org.springframework.jdbc.core.JdbcTemplate.query(JdbcTemplate.java:464) ~[spring-jdbc-3.2.4.RELEASE.jar:3.2.4.RELEASE]
	at org.springframework.samples.petclinic.repository.jdbc.JdbcVetRepositoryImpl.findAll(JdbcVetRepositoryImpl.java:66) ~[classes/:na]
	at org.springframework.samples.petclinic.service.ClinicServiceImpl.findVets(ClinicServiceImpl.java:105) ~[classes/:na]
	at sun.reflect.NativeMethodAccessorImpl.invoke0(Native Method) ~[na:1.7.0_45]
	at sun.reflect.NativeMethodAccessorImpl.invoke(NativeMethodAccessorImpl.java:57) ~[na:1.7.0_45]
	at sun.reflect.DelegatingMethodAccessorImpl.invoke(DelegatingMethodAccessorImpl.java:43) ~[na:1.7.0_45]
	at java.lang.reflect.Method.invoke(Method.java:606) ~[na:1.7.0_45]
	at org.springframework.aop.support.AopUtils.invokeJoinpointUsingReflection(AopUtils.java:317) ~[spring-aop-3.2.4.RELEASE.jar:3.2.4.RELEASE]
	at org.springframework.aop.framework.ReflectiveMethodInvocation.invokeJoinpoint(ReflectiveMethodInvocation.java:183) ~[spring-aop-3.2.4.RELEASE.jar:3.2.4.RELEASE]
	at org.springframework.aop.framework.ReflectiveMethodInvocation.proceed(ReflectiveMethodInvocation.java:150) ~[spring-aop-3.2.4.RELEASE.jar:3.2.4.RELEASE]
	at org.springframework.transaction.interceptor.TransactionInterceptor$1.proceedWithInvocation(TransactionInterceptor.java:96) ~[spring-tx-3.2.4.RELEASE.jar:3.2.4.RELEASE]
	at org.springframework.transaction.interceptor.TransactionAspectSupport.invokeWithinTransaction(TransactionAspectSupport.java:260) ~[spring-tx-3.2.4.RELEASE.jar:3.2.4.RELEASE]
	at org.springframework.transaction.interceptor.TransactionInterceptor.invoke(TransactionInterceptor.java:94) ~[spring-tx-3.2.4.RELEASE.jar:3.2.4.RELEASE]
	at org.springframework.aop.framework.ReflectiveMethodInvocation.proceed(ReflectiveMethodInvocation.java:172) ~[spring-aop-3.2.4.RELEASE.jar:3.2.4.RELEASE]
	at org.springframework.aop.framework.JdkDynamicAopProxy.invoke(JdkDynamicAopProxy.java:204) ~[spring-aop-3.2.4.RELEASE.jar:3.2.4.RELEASE]
	at com.sun.proxy.$Proxy25.findVets(Unknown Source) ~[na:na]
	at org.springframework.samples.petclinic.web.VetController.showVetList(VetController.java:48) ~[classes/:na]
	at sun.reflect.NativeMethodAccessorImpl.invoke0(Native Method) ~[na:1.7.0_45]
	at sun.reflect.NativeMethodAccessorImpl.invoke(NativeMethodAccessorImpl.java:57) ~[na:1.7.0_45]
	at sun.reflect.DelegatingMethodAccessorImpl.invoke(DelegatingMethodAccessorImpl.java:43) ~[na:1.7.0_45]
	at java.lang.reflect.Method.invoke(Method.java:606) ~[na:1.7.0_45]
	at org.springframework.web.method.support.InvocableHandlerMethod.invoke(InvocableHandlerMethod.java:219) ~[spring-web-3.2.4.RELEASE.jar:3.2.4.RELEASE]
	at org.springframework.web.method.support.InvocableHandlerMethod.invokeForRequest(InvocableHandlerMethod.java:132) ~[spring-web-3.2.4.RELEASE.jar:3.2.4.RELEASE]
	at org.springframework.web.servlet.mvc.method.annotation.ServletInvocableHandlerMethod.invokeAndHandle(ServletInvocableHandlerMethod.java:104) ~[spring-webmvc-3.2.4.RELEASE.jar:3.2.4.RELEASE]
	at org.springframework.web.servlet.mvc.method.annotation.RequestMappingHandlerAdapter.invokeHandleMethod(RequestMappingHandlerAdapter.java:745) ~[spring-webmvc-3.2.4.RELEASE.jar:3.2.4.RELEASE]
	at org.springframework.web.servlet.mvc.method.annotation.RequestMappingHandlerAdapter.handleInternal(RequestMappingHandlerAdapter.java:686) ~[spring-webmvc-3.2.4.RELEASE.jar:3.2.4.RELEASE]
	at org.springframework.web.servlet.mvc.method.AbstractHandlerMethodAdapter.handle(AbstractHandlerMethodAdapter.java:80) ~[spring-webmvc-3.2.4.RELEASE.jar:3.2.4.RELEASE]
	at org.springframework.web.servlet.DispatcherServlet.doDispatch(DispatcherServlet.java:925) [spring-webmvc-3.2.4.RELEASE.jar:3.2.4.RELEASE]
	at org.springframework.web.servlet.DispatcherServlet.doService(DispatcherServlet.java:856) [spring-webmvc-3.2.4.RELEASE.jar:3.2.4.RELEASE]
	at org.springframework.web.servlet.FrameworkServlet.processRequest(FrameworkServlet.java:936) [spring-webmvc-3.2.4.RELEASE.jar:3.2.4.RELEASE]
	at org.springframework.web.servlet.FrameworkServlet.doGet(FrameworkServlet.java:827) [spring-webmvc-3.2.4.RELEASE.jar:3.2.4.RELEASE]
	at javax.servlet.http.HttpServlet.service(HttpServlet.java:707) [servlet-api-2.5.jar:2.5]
	at org.springframework.web.servlet.FrameworkServlet.service(FrameworkServlet.java:812) [spring-webmvc-3.2.4.RELEASE.jar:3.2.4.RELEASE]
	at org.springframework.test.web.servlet.TestDispatcherServlet.service(TestDispatcherServlet.java:66) [spring-test-3.2.4.RELEASE.jar:3.2.4.RELEASE]
	at javax.servlet.http.HttpServlet.service(HttpServlet.java:820) [servlet-api-2.5.jar:2.5]
	at org.springframework.mock.web.MockFilterChain$ServletFilterProxy.doFilter(MockFilterChain.java:168) [spring-test-3.2.4.RELEASE.jar:3.2.4.RELEASE]
	at org.springframework.mock.web.MockFilterChain.doFilter(MockFilterChain.java:136) [spring-test-3.2.4.RELEASE.jar:3.2.4.RELEASE]
	at org.springframework.test.web.servlet.MockMvc.perform(MockMvc.java:134) [spring-test-3.2.4.RELEASE.jar:3.2.4.RELEASE]
	at org.springframework.samples.petclinic.web.VisitsViewTests.getVisitsXml(VisitsViewTests.java:63) [test-classes/:na]
	at sun.reflect.NativeMethodAccessorImpl.invoke0(Native Method) ~[na:1.7.0_45]
	at sun.reflect.NativeMethodAccessorImpl.invoke(NativeMethodAccessorImpl.java:57) ~[na:1.7.0_45]
	at sun.reflect.DelegatingMethodAccessorImpl.invoke(DelegatingMethodAccessorImpl.java:43) ~[na:1.7.0_45]
	at java.lang.reflect.Method.invoke(Method.java:606) ~[na:1.7.0_45]
	at org.junit.runners.model.FrameworkMethod$1.runReflectiveCall(FrameworkMethod.java:47) [junit-4.11.jar:na]
	at org.junit.internal.runners.model.ReflectiveCallable.run(ReflectiveCallable.java:12) [junit-4.11.jar:na]
	at org.junit.runners.model.FrameworkMethod.invokeExplosively(FrameworkMethod.java:44) [junit-4.11.jar:na]
	at org.junit.internal.runners.statements.InvokeMethod.evaluate(InvokeMethod.java:17) [junit-4.11.jar:na]
	at org.junit.internal.runners.statements.RunBefores.evaluate(RunBefores.java:26) [junit-4.11.jar:na]
	at org.springframework.test.context.junit4.statements.RunBeforeTestMethodCallbacks.evaluate(RunBeforeTestMethodCallbacks.java:74) [spring-test-3.2.4.RELEASE.jar:3.2.4.RELEASE]
	at org.springframework.test.context.junit4.statements.RunAfterTestMethodCallbacks.evaluate(RunAfterTestMethodCallbacks.java:83) [spring-test-3.2.4.RELEASE.jar:3.2.4.RELEASE]
	at org.springframework.test.context.junit4.statements.SpringRepeat.evaluate(SpringRepeat.java:72) [spring-test-3.2.4.RELEASE.jar:3.2.4.RELEASE]
	at org.springframework.test.context.junit4.SpringJUnit4ClassRunner.runChild(SpringJUnit4ClassRunner.java:231) [spring-test-3.2.4.RELEASE.jar:3.2.4.RELEASE]
	at org.springframework.test.context.junit4.SpringJUnit4ClassRunner.runChild(SpringJUnit4ClassRunner.java:88) [spring-test-3.2.4.RELEASE.jar:3.2.4.RELEASE]
	at org.junit.runners.ParentRunner$3.run(ParentRunner.java:238) [junit-4.11.jar:na]
	at org.junit.runners.ParentRunner$1.schedule(ParentRunner.java:63) [junit-4.11.jar:na]
	at org.junit.runners.ParentRunner.runChildren(ParentRunner.java:236) [junit-4.11.jar:na]
	at org.junit.runners.ParentRunner.access$000(ParentRunner.java:53) [junit-4.11.jar:na]
	at org.junit.runners.ParentRunner$2.evaluate(ParentRunner.java:229) [junit-4.11.jar:na]
	at org.springframework.test.context.junit4.statements.RunBeforeTestClassCallbacks.evaluate(RunBeforeTestClassCallbacks.java:61) [spring-test-3.2.4.RELEASE.jar:3.2.4.RELEASE]
	at org.springframework.test.context.junit4.statements.RunAfterTestClassCallbacks.evaluate(RunAfterTestClassCallbacks.java:71) [spring-test-3.2.4.RELEASE.jar:3.2.4.RELEASE]
	at org.junit.runners.ParentRunner.run(ParentRunner.java:309) [junit-4.11.jar:na]
	at org.springframework.test.context.junit4.SpringJUnit4ClassRunner.run(SpringJUnit4ClassRunner.java:174) [spring-test-3.2.4.RELEASE.jar:3.2.4.RELEASE]
	at org.apache.maven.surefire.junit4.JUnit4Provider.execute(JUnit4Provider.java:264) [surefire-junit4-2.13.jar:2.13]
	at org.apache.maven.surefire.junit4.JUnit4Provider.executeTestSet(JUnit4Provider.java:153) [surefire-junit4-2.13.jar:2.13]
	at org.apache.maven.surefire.junit4.JUnit4Provider.invoke(JUnit4Provider.java:124) [surefire-junit4-2.13.jar:2.13]
	at sun.reflect.NativeMethodAccessorImpl.invoke0(Native Method) ~[na:1.7.0_45]
	at sun.reflect.NativeMethodAccessorImpl.invoke(NativeMethodAccessorImpl.java:57) ~[na:1.7.0_45]
	at sun.reflect.DelegatingMethodAccessorImpl.invoke(DelegatingMethodAccessorImpl.java:43) ~[na:1.7.0_45]
	at java.lang.reflect.Method.invoke(Method.java:606) ~[na:1.7.0_45]
	at org.apache.maven.surefire.util.ReflectionUtils.invokeMethodWithArray2(ReflectionUtils.java:208) [surefire-api-2.13.jar:2.13]
	at org.apache.maven.surefire.booter.ProviderFactory$ProviderProxy.invoke(ProviderFactory.java:158) [surefire-booter-2.13.jar:2.13]
	at org.apache.maven.surefire.booter.ProviderFactory.invokeProvider(ProviderFactory.java:86) [surefire-booter-2.13.jar:2.13]
	at org.apache.maven.surefire.booter.ForkedBooter.runSuitesInProcess(ForkedBooter.java:153) [surefire-booter-2.13.jar:2.13]
	at org.apache.maven.surefire.booter.ForkedBooter.main(ForkedBooter.java:95) [surefire-booter-2.13.jar:2.13]
Caused by: java.sql.SQLSyntaxErrorException: user lacks privilege or object not found: VETS
	at org.hsqldb.jdbc.JDBCUtil.sqlException(Unknown Source) ~[hsqldb-2.3.0.jar:2.3.0]
	at org.hsqldb.jdbc.JDBCUtil.sqlException(Unknown Source) ~[hsqldb-2.3.0.jar:2.3.0]
	at org.hsqldb.jdbc.JDBCStatement.fetchResult(Unknown Source) ~[hsqldb-2.3.0.jar:2.3.0]
	at org.hsqldb.jdbc.JDBCStatement.executeQuery(Unknown Source) ~[hsqldb-2.3.0.jar:2.3.0]
	at org.springframework.jdbc.core.JdbcTemplate$1QueryStatementCallback.doInStatement(JdbcTemplate.java:441) ~[spring-jdbc-3.2.4.RELEASE.jar:3.2.4.RELEASE]
	at org.springframework.jdbc.core.JdbcTemplate.execute(JdbcTemplate.java:396) ~[spring-jdbc-3.2.4.RELEASE.jar:3.2.4.RELEASE]
	... 75 common frames omitted
Caused by: org.hsqldb.HsqlException: user lacks privilege or object not found: VETS
	at org.hsqldb.error.Error.error(Unknown Source) ~[hsqldb-2.3.0.jar:2.3.0]
	at org.hsqldb.error.Error.error(Unknown Source) ~[hsqldb-2.3.0.jar:2.3.0]
	at org.hsqldb.SchemaManager.getTable(Unknown Source) ~[hsqldb-2.3.0.jar:2.3.0]
	at org.hsqldb.ParserDQL.readTableName(Unknown Source) ~[hsqldb-2.3.0.jar:2.3.0]
	at org.hsqldb.ParserDQL.readTableOrSubquery(Unknown Source) ~[hsqldb-2.3.0.jar:2.3.0]
	at org.hsqldb.ParserDQL.XreadTableReference(Unknown Source) ~[hsqldb-2.3.0.jar:2.3.0]
	at org.hsqldb.ParserDQL.XreadFromClause(Unknown Source) ~[hsqldb-2.3.0.jar:2.3.0]
	at org.hsqldb.ParserDQL.XreadTableExpression(Unknown Source) ~[hsqldb-2.3.0.jar:2.3.0]
	at org.hsqldb.ParserDQL.XreadQuerySpecification(Unknown Source) ~[hsqldb-2.3.0.jar:2.3.0]
	at org.hsqldb.ParserDQL.XreadSimpleTable(Unknown Source) ~[hsqldb-2.3.0.jar:2.3.0]
	at org.hsqldb.ParserDQL.XreadQueryPrimary(Unknown Source) ~[hsqldb-2.3.0.jar:2.3.0]
	at org.hsqldb.ParserDQL.XreadQueryTerm(Unknown Source) ~[hsqldb-2.3.0.jar:2.3.0]
	at org.hsqldb.ParserDQL.XreadQueryExpressionBody(Unknown Source) ~[hsqldb-2.3.0.jar:2.3.0]
	at org.hsqldb.ParserDQL.XreadQueryExpression(Unknown Source) ~[hsqldb-2.3.0.jar:2.3.0]
	at org.hsqldb.ParserDQL.compileCursorSpecification(Unknown Source) ~[hsqldb-2.3.0.jar:2.3.0]
	at org.hsqldb.ParserCommand.compilePart(Unknown Source) ~[hsqldb-2.3.0.jar:2.3.0]
	at org.hsqldb.ParserCommand.compileStatements(Unknown Source) ~[hsqldb-2.3.0.jar:2.3.0]
	at org.hsqldb.Session.executeDirectStatement(Unknown Source) ~[hsqldb-2.3.0.jar:2.3.0]
	at org.hsqldb.Session.execute(Unknown Source) ~[hsqldb-2.3.0.jar:2.3.0]
	... 79 common frames omitted
</system-out>
  </testcase>
</testsuite>