<?xml version="1.0" encoding="UTF-8" ?>
<testsuite failures="0" time="1.674" errors="10" skipped="0" tests="10" name="org.springframework.samples.petclinic.service.ClinicServiceJpaTests">
  <properties>
[...]
</properties>
  <testcase time="1.478" classname="org.springframework.samples.petclinic.service.ClinicServiceJpaTests" name="updatePet">
    <error message="could not prepare statement; SQL [select pet0_.id as id1_1_3_, pet0_.name as name2_1_3_, pet0_.birth_date as birth3_1_3_, pet0_.owner_id as owner4_1_3_, pet0_.type_id as type5_1_3_, owner1_.id as id1_0_0_, owner1_.first_name as first2_0_0_, owner1_.last_name as last3_0_0_, owner1_.address as address4_0_0_, owner1_.city as city5_0_0_, owner1_.telephone as telephon6_0_0_, pettype2_.id as id1_3_1_, pettype2_.name as name2_3_1_, visits3_.pet_id as pet4_1_5_, visits3_.id as id1_6_5_, visits3_.id as id1_6_2_, visits3_.visit_date as visit2_6_2_, visits3_.description as descript3_6_2_, visits3_.pet_id as pet4_6_2_ from pets pet0_ left outer join owners owner1_ on pet0_.owner_id=owner1_.id left outer join types pettype2_ on pet0_.type_id=pettype2_.id left outer join visits visits3_ on pet0_.id=visits3_.pet_id where pet0_.id=?]; nested exception is org.hibernate.exception.SQLGrammarException: could not prepare statement" type="org.springframework.dao.InvalidDataAccessResourceUsageException">org.springframework.dao.InvalidDataAccessResourceUsageException: could not prepare statement; SQL [select pet0_.id as id1_1_3_, pet0_.name as name2_1_3_, pet0_.birth_date as birth3_1_3_, pet0_.owner_id as owner4_1_3_, pet0_.type_id as type5_1_3_, owner1_.id as id1_0_0_, owner1_.first_name as first2_0_0_, owner1_.last_name as last3_0_0_, owner1_.address as address4_0_0_, owner1_.city as city5_0_0_, owner1_.telephone as telephon6_0_0_, pettype2_.id as id1_3_1_, pettype2_.name as name2_3_1_, visits3_.pet_id as pet4_1_5_, visits3_.id as id1_6_5_, visits3_.id as id1_6_2_, visits3_.visit_date as visit2_6_2_, visits3_.description as descript3_6_2_, visits3_.pet_id as pet4_6_2_ from pets pet0_ left outer join owners owner1_ on pet0_.owner_id=owner1_.id left outer join types pettype2_ on pet0_.type_id=pettype2_.id left outer join visits visits3_ on pet0_.id=visits3_.pet_id where pet0_.id=?]; nested exception is org.hibernate.exception.SQLGrammarException: could not prepare statement
	at org.hsqldb.error.Error.error(Unknown Source)
	at org.hsqldb.error.Error.error(Unknown Source)
	at org.hsqldb.SchemaManager.getTable(Unknown Source)
	at org.hsqldb.ParserDQL.readTableName(Unknown Source)
	at org.hsqldb.ParserDQL.readTableOrSubquery(Unknown Source)
	at org.hsqldb.ParserDQL.XreadTableReference(Unknown Source)
	at org.hsqldb.ParserDQL.XreadFromClause(Unknown Source)
	at org.hsqldb.ParserDQL.XreadTableExpression(Unknown Source)
	at org.hsqldb.ParserDQL.XreadQuerySpecification(Unknown Source)
	at org.hsqldb.ParserDQL.XreadSimpleTable(Unknown Source)
	at org.hsqldb.ParserDQL.XreadQueryPrimary(Unknown Source)
	at org.hsqldb.ParserDQL.XreadQueryTerm(Unknown Source)
	at org.hsqldb.ParserDQL.XreadQueryExpressionBody(Unknown Source)
	at org.hsqldb.ParserDQL.XreadQueryExpression(Unknown Source)
	at org.hsqldb.ParserDQL.compileCursorSpecification(Unknown Source)
	at org.hsqldb.ParserCommand.compilePart(Unknown Source)
	at org.hsqldb.ParserCommand.compileStatement(Unknown Source)
	at org.hsqldb.Session.compileStatement(Unknown Source)
	at org.hsqldb.StatementManager.compile(Unknown Source)
	at org.hsqldb.Session.execute(Unknown Source)
	at org.hsqldb.jdbc.JDBCPreparedStatement.&lt;init&gt;(Unknown Source)
	at org.hsqldb.jdbc.JDBCConnection.prepareStatement(Unknown Source)
	at sun.reflect.NativeMethodAccessorImpl.invoke0(Native Method)
	at sun.reflect.NativeMethodAccessorImpl.invoke(NativeMethodAccessorImpl.java:57)
	at sun.reflect.DelegatingMethodAccessorImpl.invoke(DelegatingMethodAccessorImpl.java:43)
	at java.lang.reflect.Method.invoke(Method.java:606)
	at org.apache.tomcat.jdbc.pool.ProxyConnection.invoke(ProxyConnection.java:126)
	at org.apache.tomcat.jdbc.pool.JdbcInterceptor.invoke(JdbcInterceptor.java:109)
	at org.apache.tomcat.jdbc.pool.DisposableConnectionFacade.invoke(DisposableConnectionFacade.java:80)
	at com.sun.proxy.$Proxy22.prepareStatement(Unknown Source)
	at org.hibernate.engine.jdbc.internal.StatementPreparerImpl$5.doPrepare(StatementPreparerImpl.java:161)
	at org.hibernate.engine.jdbc.internal.StatementPreparerImpl$StatementPreparationTemplate.prepareStatement(StatementPreparerImpl.java:182)
	at org.hibernate.engine.jdbc.internal.StatementPreparerImpl.prepareQueryStatement(StatementPreparerImpl.java:159)
	at org.hibernate.loader.Loader.prepareQueryStatement(Loader.java:1858)
	at org.hibernate.loader.Loader.executeQueryStatement(Loader.java:1835)
	at org.hibernate.loader.Loader.executeQueryStatement(Loader.java:1815)
	at org.hibernate.loader.Loader.doQuery(Loader.java:899)
	at org.hibernate.loader.Loader.doQueryAndInitializeNonLazyCollections(Loader.java:341)
	at org.hibernate.loader.Loader.doQueryAndInitializeNonLazyCollections(Loader.java:311)
	at org.hibernate.loader.Loader.loadEntity(Loader.java:2117)
	at org.hibernate.loader.entity.AbstractEntityLoader.load(AbstractEntityLoader.java:82)
	at org.hibernate.loader.entity.AbstractEntityLoader.load(AbstractEntityLoader.java:72)
	at org.hibernate.persister.entity.AbstractEntityPersister.load(AbstractEntityPersister.java:3927)
	at org.hibernate.event.internal.DefaultLoadEventListener.loadFromDatasource(DefaultLoadEventListener.java:460)
	at org.hibernate.event.internal.DefaultLoadEventListener.doLoad(DefaultLoadEventListener.java:429)
	at org.hibernate.event.internal.DefaultLoadEventListener.load(DefaultLoadEventListener.java:206)
	at org.hibernate.event.internal.DefaultLoadEventListener.proxyOrLoad(DefaultLoadEventListener.java:262)
	at org.hibernate.event.internal.DefaultLoadEventListener.onLoad(DefaultLoadEventListener.java:150)
	at org.hibernate.internal.SessionImpl.fireLoad(SessionImpl.java:1092)
	at org.hibernate.internal.SessionImpl.access$2000(SessionImpl.java:175)
	at org.hibernate.internal.SessionImpl$IdentifierLoadAccessImpl.load(SessionImpl.java:2476)
	at org.hibernate.internal.SessionImpl.get(SessionImpl.java:988)
	at org.hibernate.ejb.AbstractEntityManagerImpl.find(AbstractEntityManagerImpl.java:807)
	at org.hibernate.ejb.AbstractEntityManagerImpl.find(AbstractEntityManagerImpl.java:781)
	at sun.reflect.NativeMethodAccessorImpl.invoke0(Native Method)
	at sun.reflect.NativeMethodAccessorImpl.invoke(NativeMethodAccessorImpl.java:57)
	at sun.reflect.DelegatingMethodAccessorImpl.invoke(DelegatingMethodAccessorImpl.java:43)
	at java.lang.reflect.Method.invoke(Method.java:606)
	at org.springframework.orm.jpa.SharedEntityManagerCreator$SharedEntityManagerInvocationHandler.invoke(SharedEntityManagerCreator.java:241)
	at com.sun.proxy.$Proxy43.find(Unknown Source)
	at org.springframework.samples.petclinic.repository.jpa.JpaPetRepositoryImpl.findById(JpaPetRepositoryImpl.java:51)
	at sun.reflect.NativeMethodAccessorImpl.invoke0(Native Method)
	at sun.reflect.NativeMethodAccessorImpl.invoke(NativeMethodAccessorImpl.java:57)
	at sun.reflect.DelegatingMethodAccessorImpl.invoke(DelegatingMethodAccessorImpl.java:43)
	at java.lang.reflect.Method.invoke(Method.java:606)
	at org.springframework.aop.support.AopUtils.invokeJoinpointUsingReflection(AopUtils.java:317)
	at org.springframework.aop.framework.ReflectiveMethodInvocation.invokeJoinpoint(ReflectiveMethodInvocation.java:183)
	at org.springframework.aop.framework.ReflectiveMethodInvocation.proceed(ReflectiveMethodInvocation.java:150)
	at org.springframework.dao.support.PersistenceExceptionTranslationInterceptor.invoke(PersistenceExceptionTranslationInterceptor.java:155)
	at org.springframework.aop.framework.ReflectiveMethodInvocation.proceed(ReflectiveMethodInvocation.java:172)
	at org.springframework.aop.framework.JdkDynamicAopProxy.invoke(JdkDynamicAopProxy.java:204)
	at com.sun.proxy.$Proxy44.findById(Unknown Source)
	at org.springframework.samples.petclinic.service.ClinicServiceImpl.findPetById(ClinicServiceImpl.java:92)
	at sun.reflect.NativeMethodAccessorImpl.invoke0(Native Method)
	at sun.reflect.NativeMethodAccessorImpl.invoke(NativeMethodAccessorImpl.java:57)
	at sun.reflect.DelegatingMethodAccessorImpl.invoke(DelegatingMethodAccessorImpl.java:43)
	at java.lang.reflect.Method.invoke(Method.java:606)
	at org.springframework.aop.support.AopUtils.invokeJoinpointUsingReflection(AopUtils.java:317)
	at org.springframework.aop.framework.ReflectiveMethodInvocation.invokeJoinpoint(ReflectiveMethodInvocation.java:183)
	at org.springframework.aop.framework.ReflectiveMethodInvocation.proceed(ReflectiveMethodInvocation.java:150)
	at org.springframework.transaction.interceptor.TransactionInterceptor$1.proceedWithInvocation(TransactionInterceptor.java:96)
	at org.springframework.transaction.interceptor.TransactionAspectSupport.invokeWithinTransaction(TransactionAspectSupport.java:260)
	at org.springframework.transaction.interceptor.TransactionInterceptor.invoke(TransactionInterceptor.java:94)
	at org.springframework.aop.framework.ReflectiveMethodInvocation.proceed(ReflectiveMethodInvocation.java:172)
	at org.springframework.aop.framework.JdkDynamicAopProxy.invoke(JdkDynamicAopProxy.java:204)
	at com.sun.proxy.$Proxy25.findPetById(Unknown Source)
	at org.springframework.samples.petclinic.service.AbstractClinicServiceTests.updatePet(AbstractClinicServiceTests.java:154)
	at sun.reflect.NativeMethodAccessorImpl.invoke0(Native Method)
	at sun.reflect.NativeMethodAccessorImpl.invoke(NativeMethodAccessorImpl.java:57)
	at sun.reflect.DelegatingMethodAccessorImpl.invoke(DelegatingMethodAccessorImpl.java:43)
	at java.lang.reflect.Method.invoke(Method.java:606)
	at org.junit.runners.model.FrameworkMethod$1.runReflectiveCall(FrameworkMethod.java:47)
	at org.junit.internal.runners.model.ReflectiveCallable.run(ReflectiveCallable.java:12)
	at org.junit.runners.model.FrameworkMethod.invokeExplosively(FrameworkMethod.java:44)
	at org.junit.internal.runners.statements.InvokeMethod.evaluate(InvokeMethod.java:17)
	at org.springframework.test.context.junit4.statements.RunBeforeTestMethodCallbacks.evaluate(RunBeforeTestMethodCallbacks.java:74)
	at org.springframework.test.context.junit4.statements.RunAfterTestMethodCallbacks.evaluate(RunAfterTestMethodCallbacks.java:83)
	at org.springframework.test.context.junit4.statements.SpringRepeat.evaluate(SpringRepeat.java:72)
	at org.springframework.test.context.junit4.SpringJUnit4ClassRunner.runChild(SpringJUnit4ClassRunner.java:231)
	at org.springframework.test.context.junit4.SpringJUnit4ClassRunner.runChild(SpringJUnit4ClassRunner.java:88)
	at org.junit.runners.ParentRunner$3.run(ParentRunner.java:238)
	at org.junit.runners.ParentRunner$1.schedule(ParentRunner.java:63)
	at org.junit.runners.ParentRunner.runChildren(ParentRunner.java:236)
	at org.junit.runners.ParentRunner.access$000(ParentRunner.java:53)
	at org.junit.runners.ParentRunner$2.evaluate(ParentRunner.java:229)
	at org.springframework.test.context.junit4.statements.RunBeforeTestClassCallbacks.evaluate(RunBeforeTestClassCallbacks.java:61)
	at org.springframework.test.context.junit4.statements.RunAfterTestClassCallbacks.evaluate(RunAfterTestClassCallbacks.java:71)
	at org.junit.runners.ParentRunner.run(ParentRunner.java:309)
	at org.springframework.test.context.junit4.SpringJUnit4ClassRunner.run(SpringJUnit4ClassRunner.java:174)
	at org.apache.maven.surefire.junit4.JUnit4Provider.execute(JUnit4Provider.java:264)
	at org.apache.maven.surefire.junit4.JUnit4Provider.executeTestSet(JUnit4Provider.java:153)
	at org.apache.maven.surefire.junit4.JUnit4Provider.invoke(JUnit4Provider.java:124)
	at sun.reflect.NativeMethodAccessorImpl.invoke0(Native Method)
	at sun.reflect.NativeMethodAccessorImpl.invoke(NativeMethodAccessorImpl.java:57)
	at sun.reflect.DelegatingMethodAccessorImpl.invoke(DelegatingMethodAccessorImpl.java:43)
	at java.lang.reflect.Method.invoke(Method.java:606)
	at org.apache.maven.surefire.util.ReflectionUtils.invokeMethodWithArray2(ReflectionUtils.java:208)
	at org.apache.maven.surefire.booter.ProviderFactory$ProviderProxy.invoke(ProviderFactory.java:158)
	at org.apache.maven.surefire.booter.ProviderFactory.invokeProvider(ProviderFactory.java:86)
	at org.apache.maven.surefire.booter.ForkedBooter.runSuitesInProcess(ForkedBooter.java:153)
	at org.apache.maven.surefire.booter.ForkedBooter.main(ForkedBooter.java:95)
</error>
    <system-out>INFO  XmlBeanDefinitionReader - Loading XML bean definitions from class path resource [spring/business-config.xml]
INFO  XmlBeanDefinitionReader - Loading XML bean definitions from class path resource [spring/datasource-config.xml]
INFO  GenericApplicationContext - Refreshing org.springframework.context.support.GenericApplicationContext@7b2fcb3: startup date [Mon Nov 25 19:41:54 CET 2013]; root of context hierarchy
INFO  PropertyPlaceholderConfigurer - Loading properties file from class path resource [spring/data-access.properties]
INFO  PropertyPlaceholderConfigurer - Loading properties file from class path resource [spring/data-access.properties]
INFO  GenericApplicationContext - Bean &apos;org.springframework.orm.jpa.vendor.HibernateJpaVendorAdapter#43c7208e&apos; of type [class org.springframework.orm.jpa.vendor.HibernateJpaVendorAdapter] is not eligible for getting processed by all BeanPostProcessors (for example: not eligible for auto-proxying)
INFO  GenericApplicationContext - Bean &apos;dataSource&apos; of type [class org.apache.tomcat.jdbc.pool.DataSource] is not eligible for getting processed by all BeanPostProcessors (for example: not eligible for auto-proxying)
INFO  LocalContainerEntityManagerFactoryBean - Building JPA container EntityManagerFactory for persistence unit &apos;petclinic&apos;
INFO  Version - HCANN000001: Hibernate Commons Annotations {4.0.1.Final}
INFO  Version - HHH000412: Hibernate Core {4.2.1.Final}
INFO  Environment - HHH000206: hibernate.properties not found
INFO  Environment - HHH000021: Bytecode provider name : javassist
INFO  Ejb3Configuration - HHH000204: Processing PersistenceUnitInfo [
	name: petclinic
	...]
INFO  ConnectionProviderInitiator - HHH000130: Instantiating explicit connection provider: org.hibernate.ejb.connection.InjectedDataSourceConnectionProvider
INFO  Dialect - HHH000400: Using dialect: org.hibernate.dialect.HSQLDialect
INFO  TransactionFactoryInitiator - HHH000268: Transaction strategy: org.hibernate.engine.transaction.internal.jdbc.JdbcTransactionFactory
INFO  ASTQueryTranslatorFactory - HHH000397: Using ASTQueryTranslatorFactory
INFO  GenericApplicationContext - Bean &apos;entityManagerFactory&apos; of type [class org.springframework.orm.jpa.LocalContainerEntityManagerFactoryBean] is not eligible for getting processed by all BeanPostProcessors (for example: not eligible for auto-proxying)
INFO  DefaultListableBeanFactory - Pre-instantiating singletons in org.springframework.beans.factory.support.DefaultListableBeanFactory@b7425e0: defining beans [org.springframework.beans.factory.config.PropertyPlaceholderConfigurer#0,dataSource,dataSourceInit,org.springframework.jdbc.datasource.init.DataSourceInitializer#0,clinicServiceImpl,org.springframework.context.annotation.internalConfigurationAnnotationProcessor,org.springframework.context.annotation.internalAutowiredAnnotationProcessor,org.springframework.context.annotation.internalRequiredAnnotationProcessor,org.springframework.context.annotation.internalCommonAnnotationProcessor,org.springframework.context.annotation.internalPersistenceAnnotationProcessor,org.springframework.beans.factory.config.PropertyPlaceholderConfigurer#1,org.springframework.aop.config.internalAutoProxyCreator,org.springframework.transaction.annotation.AnnotationTransactionAttributeSource#0,org.springframework.transaction.interceptor.TransactionInterceptor#0,org.springframework.transaction.config.internalTransactionAdvisor,entityManagerFactory,transactionManager,org.springframework.dao.annotation.PersistenceExceptionTranslationPostProcessor#0,jpaOwnerRepositoryImpl,jpaPetRepositoryImpl,jpaVetRepositoryImpl,jpaVisitRepositoryImpl,org.springframework.context.annotation.ConfigurationClassPostProcessor.importAwareProcessor]; root of factory hierarchy
INFO  ResourceDatabasePopulator - Executing SQL script from class path resource [db/hsqldb/initDB.sql]
INFO  ResourceDatabasePopulator - Done executing SQL script from class path resource [db/hsqldb/initDB.sql] in 11 ms.
INFO  ResourceDatabasePopulator - Executing SQL script from class path resource [db/hsqldb/populateDB.sql]
INFO  ResourceDatabasePopulator - Done executing SQL script from class path resource [db/hsqldb/populateDB.sql] in 13 ms.
INFO  TransactionalTestExecutionListener - Began transaction (1): transaction manager [org.springframework.orm.jpa.JpaTransactionManager@779c2a63]; rollback [true]
Hibernate: select pet0_.id as id1_1_3_, pet0_.name as name2_1_3_, pet0_.birth_date as birth3_1_3_, pet0_.owner_id as owner4_1_3_, pet0_.type_id as type5_1_3_, owner1_.id as id1_0_0_, owner1_.first_name as first2_0_0_, owner1_.last_name as last3_0_0_, owner1_.address as address4_0_0_, owner1_.city as city5_0_0_, owner1_.telephone as telephon6_0_0_, pettype2_.id as id1_3_1_, pettype2_.name as name2_3_1_, visits3_.pet_id as pet4_1_5_, visits3_.id as id1_6_5_, visits3_.id as id1_6_2_, visits3_.visit_date as visit2_6_2_, visits3_.description as descript3_6_2_, visits3_.pet_id as pet4_6_2_ from pets pet0_ left outer join owners owner1_ on pet0_.owner_id=owner1_.id left outer join types pettype2_ on pet0_.type_id=pettype2_.id left outer join visits visits3_ on pet0_.id=visits3_.pet_id where pet0_.id=?
WARN  SqlExceptionHelper - SQL Error: -5501, SQLState: 42501
ERROR SqlExceptionHelper - user lacks privilege or object not found: PETS
INFO  DefaultLoadEventListener - HHH000327: Error performing load command : org.hibernate.exception.SQLGrammarException: could not prepare statement
INFO  TransactionalTestExecutionListener - Rolled back transaction after test execution for test context [TestContext@4e02f273 testClass = ClinicServiceJpaTests, testInstance = org.springframework.samples.petclinic.service.ClinicServiceJpaTests@237b8408, testMethod = updatePet@AbstractClinicServiceTests, testException = org.springframework.dao.InvalidDataAccessResourceUsageException: could not prepare statement; SQL [select pet0_.id as id1_1_3_, pet0_.name as name2_1_3_, pet0_.birth_date as birth3_1_3_, pet0_.owner_id as owner4_1_3_, pet0_.type_id as type5_1_3_, owner1_.id as id1_0_0_, owner1_.first_name as first2_0_0_, owner1_.last_name as last3_0_0_, owner1_.address as address4_0_0_, owner1_.city as city5_0_0_, owner1_.telephone as telephon6_0_0_, pettype2_.id as id1_3_1_, pettype2_.name as name2_3_1_, visits3_.pet_id as pet4_1_5_, visits3_.id as id1_6_5_, visits3_.id as id1_6_2_, visits3_.visit_date as visit2_6_2_, visits3_.description as descript3_6_2_, visits3_.pet_id as pet4_6_2_ from pets pet0_ left outer join owners owner1_ on pet0_.owner_id=owner1_.id left outer join types pettype2_ on pet0_.type_id=pettype2_.id left outer join visits visits3_ on pet0_.id=visits3_.pet_id where pet0_.id=?]; nested exception is org.hibernate.exception.SQLGrammarException: could not prepare statement, mergedContextConfiguration = [MergedContextConfiguration@2193b6b testClass = ClinicServiceJpaTests, locations = &apos;{classpath:spring/business-config.xml}&apos;, classes = &apos;{}&apos;, contextInitializerClasses = &apos;[]&apos;, activeProfiles = &apos;{}&apos;, contextLoader = &apos;org.springframework.test.context.support.DelegatingSmartContextLoader&apos;, parent = [null]]]
</system-out>
  </testcase>
  <testcase time="0.125" classname="org.springframework.samples.petclinic.service.ClinicServiceJpaTests" name="getPetTypes">
    <error message="could not prepare statement; SQL [select pettype0_.id as id1_3_, pettype0_.name as name2_3_ from types pettype0_ order by pettype0_.name]; nested exception is org.hibernate.exception.SQLGrammarException: could not prepare statement" type="org.springframework.dao.InvalidDataAccessResourceUsageException">org.springframework.dao.InvalidDataAccessResourceUsageException: could not prepare statement; SQL [select pettype0_.id as id1_3_, pettype0_.name as name2_3_ from types pettype0_ order by pettype0_.name]; nested exception is org.hibernate.exception.SQLGrammarException: could not prepare statement
	at org.hsqldb.error.Error.error(Unknown Source)
	at org.hsqldb.error.Error.error(Unknown Source)
	at org.hsqldb.SchemaManager.getTable(Unknown Source)
	at org.hsqldb.ParserDQL.readTableName(Unknown Source)
	at org.hsqldb.ParserDQL.readTableOrSubquery(Unknown Source)
	at org.hsqldb.ParserDQL.XreadTableReference(Unknown Source)
	at org.hsqldb.ParserDQL.XreadFromClause(Unknown Source)
	at org.hsqldb.ParserDQL.XreadTableExpression(Unknown Source)
	at org.hsqldb.ParserDQL.XreadQuerySpecification(Unknown Source)
	at org.hsqldb.ParserDQL.XreadSimpleTable(Unknown Source)
	at org.hsqldb.ParserDQL.XreadQueryPrimary(Unknown Source)
	at org.hsqldb.ParserDQL.XreadQueryTerm(Unknown Source)
	at org.hsqldb.ParserDQL.XreadQueryExpressionBody(Unknown Source)
	at org.hsqldb.ParserDQL.XreadQueryExpression(Unknown Source)
	at org.hsqldb.ParserDQL.compileCursorSpecification(Unknown Source)
	at org.hsqldb.ParserCommand.compilePart(Unknown Source)
	at org.hsqldb.ParserCommand.compileStatement(Unknown Source)
	at org.hsqldb.Session.compileStatement(Unknown Source)
	at org.hsqldb.StatementManager.compile(Unknown Source)
	at org.hsqldb.Session.execute(Unknown Source)
	at org.hsqldb.jdbc.JDBCPreparedStatement.&lt;init&gt;(Unknown Source)
	at org.hsqldb.jdbc.JDBCConnection.prepareStatement(Unknown Source)
	at sun.reflect.NativeMethodAccessorImpl.invoke0(Native Method)
	at sun.reflect.NativeMethodAccessorImpl.invoke(NativeMethodAccessorImpl.java:57)
	at sun.reflect.DelegatingMethodAccessorImpl.invoke(DelegatingMethodAccessorImpl.java:43)
	at java.lang.reflect.Method.invoke(Method.java:606)
	at org.apache.tomcat.jdbc.pool.ProxyConnection.invoke(ProxyConnection.java:126)
	at org.apache.tomcat.jdbc.pool.JdbcInterceptor.invoke(JdbcInterceptor.java:109)
	at org.apache.tomcat.jdbc.pool.DisposableConnectionFacade.invoke(DisposableConnectionFacade.java:80)
	at com.sun.proxy.$Proxy22.prepareStatement(Unknown Source)
	at org.hibernate.engine.jdbc.internal.StatementPreparerImpl$5.doPrepare(StatementPreparerImpl.java:161)
	at org.hibernate.engine.jdbc.internal.StatementPreparerImpl$StatementPreparationTemplate.prepareStatement(StatementPreparerImpl.java:182)
	at org.hibernate.engine.jdbc.internal.StatementPreparerImpl.prepareQueryStatement(StatementPreparerImpl.java:159)
	at org.hibernate.loader.Loader.prepareQueryStatement(Loader.java:1858)
	at org.hibernate.loader.Loader.executeQueryStatement(Loader.java:1835)
	at org.hibernate.loader.Loader.executeQueryStatement(Loader.java:1815)
	at org.hibernate.loader.Loader.doQuery(Loader.java:899)
	at org.hibernate.loader.Loader.doQueryAndInitializeNonLazyCollections(Loader.java:341)
	at org.hibernate.loader.Loader.doList(Loader.java:2522)
	at org.hibernate.loader.Loader.doList(Loader.java:2508)
	at org.hibernate.loader.Loader.listIgnoreQueryCache(Loader.java:2338)
	at org.hibernate.loader.Loader.list(Loader.java:2333)
	at org.hibernate.loader.hql.QueryLoader.list(QueryLoader.java:490)
	at org.hibernate.hql.internal.ast.QueryTranslatorImpl.list(QueryTranslatorImpl.java:355)
	at org.hibernate.engine.query.spi.HQLQueryPlan.performList(HQLQueryPlan.java:195)
	at org.hibernate.internal.SessionImpl.list(SessionImpl.java:1269)
	at org.hibernate.internal.QueryImpl.list(QueryImpl.java:101)
	at org.hibernate.ejb.QueryImpl.getResultList(QueryImpl.java:264)
	at org.springframework.samples.petclinic.repository.jpa.JpaPetRepositoryImpl.findPetTypes(JpaPetRepositoryImpl.java:46)
	at sun.reflect.NativeMethodAccessorImpl.invoke0(Native Method)
	at sun.reflect.NativeMethodAccessorImpl.invoke(NativeMethodAccessorImpl.java:57)
	at sun.reflect.DelegatingMethodAccessorImpl.invoke(DelegatingMethodAccessorImpl.java:43)
	at java.lang.reflect.Method.invoke(Method.java:606)
	at org.springframework.aop.support.AopUtils.invokeJoinpointUsingReflection(AopUtils.java:317)
	at org.springframework.aop.framework.ReflectiveMethodInvocation.invokeJoinpoint(ReflectiveMethodInvocation.java:183)
	at org.springframework.aop.framework.ReflectiveMethodInvocation.proceed(ReflectiveMethodInvocation.java:150)
	at org.springframework.dao.support.PersistenceExceptionTranslationInterceptor.invoke(PersistenceExceptionTranslationInterceptor.java:155)
	at org.springframework.aop.framework.ReflectiveMethodInvocation.proceed(ReflectiveMethodInvocation.java:172)
	at org.springframework.aop.framework.JdkDynamicAopProxy.invoke(JdkDynamicAopProxy.java:204)
	at com.sun.proxy.$Proxy44.findPetTypes(Unknown Source)
	at org.springframework.samples.petclinic.service.ClinicServiceImpl.findPetTypes(ClinicServiceImpl.java:60)
	at sun.reflect.NativeMethodAccessorImpl.invoke0(Native Method)
	at sun.reflect.NativeMethodAccessorImpl.invoke(NativeMethodAccessorImpl.java:57)
	at sun.reflect.DelegatingMethodAccessorImpl.invoke(DelegatingMethodAccessorImpl.java:43)
	at java.lang.reflect.Method.invoke(Method.java:606)
	at org.springframework.aop.support.AopUtils.invokeJoinpointUsingReflection(AopUtils.java:317)
	at org.springframework.aop.framework.ReflectiveMethodInvocation.invokeJoinpoint(ReflectiveMethodInvocation.java:183)
	at org.springframework.aop.framework.ReflectiveMethodInvocation.proceed(ReflectiveMethodInvocation.java:150)
	at org.springframework.transaction.interceptor.TransactionInterceptor$1.proceedWithInvocation(TransactionInterceptor.java:96)
	at org.springframework.transaction.interceptor.TransactionAspectSupport.invokeWithinTransaction(TransactionAspectSupport.java:260)
	at org.springframework.transaction.interceptor.TransactionInterceptor.invoke(TransactionInterceptor.java:94)
	at org.springframework.aop.framework.ReflectiveMethodInvocation.proceed(ReflectiveMethodInvocation.java:172)
	at org.springframework.aop.framework.JdkDynamicAopProxy.invoke(JdkDynamicAopProxy.java:204)
	at com.sun.proxy.$Proxy25.findPetTypes(Unknown Source)
	at org.springframework.samples.petclinic.service.AbstractClinicServiceTests.getPetTypes(AbstractClinicServiceTests.java:123)
	at sun.reflect.NativeMethodAccessorImpl.invoke0(Native Method)
	at sun.reflect.NativeMethodAccessorImpl.invoke(NativeMethodAccessorImpl.java:57)
	at sun.reflect.DelegatingMethodAccessorImpl.invoke(DelegatingMethodAccessorImpl.java:43)
	at java.lang.reflect.Method.invoke(Method.java:606)
	at org.junit.runners.model.FrameworkMethod$1.runReflectiveCall(FrameworkMethod.java:47)
	at org.junit.internal.runners.model.ReflectiveCallable.run(ReflectiveCallable.java:12)
	at org.junit.runners.model.FrameworkMethod.invokeExplosively(FrameworkMethod.java:44)
	at org.junit.internal.runners.statements.InvokeMethod.evaluate(InvokeMethod.java:17)
	at org.springframework.test.context.junit4.statements.RunBeforeTestMethodCallbacks.evaluate(RunBeforeTestMethodCallbacks.java:74)
	at org.springframework.test.context.junit4.statements.RunAfterTestMethodCallbacks.evaluate(RunAfterTestMethodCallbacks.java:83)
	at org.springframework.test.context.junit4.statements.SpringRepeat.evaluate(SpringRepeat.java:72)
	at org.springframework.test.context.junit4.SpringJUnit4ClassRunner.runChild(SpringJUnit4ClassRunner.java:231)
	at org.springframework.test.context.junit4.SpringJUnit4ClassRunner.runChild(SpringJUnit4ClassRunner.java:88)
	at org.junit.runners.ParentRunner$3.run(ParentRunner.java:238)
	at org.junit.runners.ParentRunner$1.schedule(ParentRunner.java:63)
	at org.junit.runners.ParentRunner.runChildren(ParentRunner.java:236)
	at org.junit.runners.ParentRunner.access$000(ParentRunner.java:53)
	at org.junit.runners.ParentRunner$2.evaluate(ParentRunner.java:229)
	at org.springframework.test.context.junit4.statements.RunBeforeTestClassCallbacks.evaluate(RunBeforeTestClassCallbacks.java:61)
	at org.springframework.test.context.junit4.statements.RunAfterTestClassCallbacks.evaluate(RunAfterTestClassCallbacks.java:71)
	at org.junit.runners.ParentRunner.run(ParentRunner.java:309)
	at org.springframework.test.context.junit4.SpringJUnit4ClassRunner.run(SpringJUnit4ClassRunner.java:174)
	at org.apache.maven.surefire.junit4.JUnit4Provider.execute(JUnit4Provider.java:264)
	at org.apache.maven.surefire.junit4.JUnit4Provider.executeTestSet(JUnit4Provider.java:153)
	at org.apache.maven.surefire.junit4.JUnit4Provider.invoke(JUnit4Provider.java:124)
	at sun.reflect.NativeMethodAccessorImpl.invoke0(Native Method)
	at sun.reflect.NativeMethodAccessorImpl.invoke(NativeMethodAccessorImpl.java:57)
	at sun.reflect.DelegatingMethodAccessorImpl.invoke(DelegatingMethodAccessorImpl.java:43)
	at java.lang.reflect.Method.invoke(Method.java:606)
	at org.apache.maven.surefire.util.ReflectionUtils.invokeMethodWithArray2(ReflectionUtils.java:208)
	at org.apache.maven.surefire.booter.ProviderFactory$ProviderProxy.invoke(ProviderFactory.java:158)
	at org.apache.maven.surefire.booter.ProviderFactory.invokeProvider(ProviderFactory.java:86)
	at org.apache.maven.surefire.booter.ForkedBooter.runSuitesInProcess(ForkedBooter.java:153)
	at org.apache.maven.surefire.booter.ForkedBooter.main(ForkedBooter.java:95)
</error>
    <system-out>Hibernate: select pettype0_.id as id1_3_, pettype0_.name as name2_3_ from types pettype0_ order by pettype0_.name
WARN  SqlExceptionHelper - SQL Error: -5501, SQLState: 42501
ERROR SqlExceptionHelper - user lacks privilege or object not found: TYPES
</system-out>
  </testcase>
  <testcase time="0.003" classname="org.springframework.samples.petclinic.service.ClinicServiceJpaTests" name="findPet">
    <error message="could not prepare statement; SQL [select pettype0_.id as id1_3_, pettype0_.name as name2_3_ from types pettype0_ order by pettype0_.name]; nested exception is org.hibernate.exception.SQLGrammarException: could not prepare statement" type="org.springframework.dao.InvalidDataAccessResourceUsageException">org.springframework.dao.InvalidDataAccessResourceUsageException: could not prepare statement; SQL [select pettype0_.id as id1_3_, pettype0_.name as name2_3_ from types pettype0_ order by pettype0_.name]; nested exception is org.hibernate.exception.SQLGrammarException: could not prepare statement
	at org.hsqldb.error.Error.error(Unknown Source)
	at org.hsqldb.error.Error.error(Unknown Source)
	at org.hsqldb.SchemaManager.getTable(Unknown Source)
	at org.hsqldb.ParserDQL.readTableName(Unknown Source)
	at org.hsqldb.ParserDQL.readTableOrSubquery(Unknown Source)
	at org.hsqldb.ParserDQL.XreadTableReference(Unknown Source)
	at org.hsqldb.ParserDQL.XreadFromClause(Unknown Source)
	at org.hsqldb.ParserDQL.XreadTableExpression(Unknown Source)
	at org.hsqldb.ParserDQL.XreadQuerySpecification(Unknown Source)
	at org.hsqldb.ParserDQL.XreadSimpleTable(Unknown Source)
	at org.hsqldb.ParserDQL.XreadQueryPrimary(Unknown Source)
	at org.hsqldb.ParserDQL.XreadQueryTerm(Unknown Source)
	at org.hsqldb.ParserDQL.XreadQueryExpressionBody(Unknown Source)
	at org.hsqldb.ParserDQL.XreadQueryExpression(Unknown Source)
	at org.hsqldb.ParserDQL.compileCursorSpecification(Unknown Source)
	at org.hsqldb.ParserCommand.compilePart(Unknown Source)
	at org.hsqldb.ParserCommand.compileStatement(Unknown Source)
	at org.hsqldb.Session.compileStatement(Unknown Source)
	at org.hsqldb.StatementManager.compile(Unknown Source)
	at org.hsqldb.Session.execute(Unknown Source)
	at org.hsqldb.jdbc.JDBCPreparedStatement.&lt;init&gt;(Unknown Source)
	at org.hsqldb.jdbc.JDBCConnection.prepareStatement(Unknown Source)
	at sun.reflect.NativeMethodAccessorImpl.invoke0(Native Method)
	at sun.reflect.NativeMethodAccessorImpl.invoke(NativeMethodAccessorImpl.java:57)
	at sun.reflect.DelegatingMethodAccessorImpl.invoke(DelegatingMethodAccessorImpl.java:43)
	at java.lang.reflect.Method.invoke(Method.java:606)
	at org.apache.tomcat.jdbc.pool.ProxyConnection.invoke(ProxyConnection.java:126)
	at org.apache.tomcat.jdbc.pool.JdbcInterceptor.invoke(JdbcInterceptor.java:109)
	at org.apache.tomcat.jdbc.pool.DisposableConnectionFacade.invoke(DisposableConnectionFacade.java:80)
	at com.sun.proxy.$Proxy22.prepareStatement(Unknown Source)
	at org.hibernate.engine.jdbc.internal.StatementPreparerImpl$5.doPrepare(StatementPreparerImpl.java:161)
	at org.hibernate.engine.jdbc.internal.StatementPreparerImpl$StatementPreparationTemplate.prepareStatement(StatementPreparerImpl.java:182)
	at org.hibernate.engine.jdbc.internal.StatementPreparerImpl.prepareQueryStatement(StatementPreparerImpl.java:159)
	at org.hibernate.loader.Loader.prepareQueryStatement(Loader.java:1858)
	at org.hibernate.loader.Loader.executeQueryStatement(Loader.java:1835)
	at org.hibernate.loader.Loader.executeQueryStatement(Loader.java:1815)
	at org.hibernate.loader.Loader.doQuery(Loader.java:899)
	at org.hibernate.loader.Loader.doQueryAndInitializeNonLazyCollections(Loader.java:341)
	at org.hibernate.loader.Loader.doList(Loader.java:2522)
	at org.hibernate.loader.Loader.doList(Loader.java:2508)
	at org.hibernate.loader.Loader.listIgnoreQueryCache(Loader.java:2338)
	at org.hibernate.loader.Loader.list(Loader.java:2333)
	at org.hibernate.loader.hql.QueryLoader.list(QueryLoader.java:490)
	at org.hibernate.hql.internal.ast.QueryTranslatorImpl.list(QueryTranslatorImpl.java:355)
	at org.hibernate.engine.query.spi.HQLQueryPlan.performList(HQLQueryPlan.java:195)
	at org.hibernate.internal.SessionImpl.list(SessionImpl.java:1269)
	at org.hibernate.internal.QueryImpl.list(QueryImpl.java:101)
	at org.hibernate.ejb.QueryImpl.getResultList(QueryImpl.java:264)
	at org.springframework.samples.petclinic.repository.jpa.JpaPetRepositoryImpl.findPetTypes(JpaPetRepositoryImpl.java:46)
	at sun.reflect.NativeMethodAccessorImpl.invoke0(Native Method)
	at sun.reflect.NativeMethodAccessorImpl.invoke(NativeMethodAccessorImpl.java:57)
	at sun.reflect.DelegatingMethodAccessorImpl.invoke(DelegatingMethodAccessorImpl.java:43)
	at java.lang.reflect.Method.invoke(Method.java:606)
	at org.springframework.aop.support.AopUtils.invokeJoinpointUsingReflection(AopUtils.java:317)
	at org.springframework.aop.framework.ReflectiveMethodInvocation.invokeJoinpoint(ReflectiveMethodInvocation.java:183)
	at org.springframework.aop.framework.ReflectiveMethodInvocation.proceed(ReflectiveMethodInvocation.java:150)
	at org.springframework.dao.support.PersistenceExceptionTranslationInterceptor.invoke(PersistenceExceptionTranslationInterceptor.java:155)
	at org.springframework.aop.framework.ReflectiveMethodInvocation.proceed(ReflectiveMethodInvocation.java:172)
	at org.springframework.aop.framework.JdkDynamicAopProxy.invoke(JdkDynamicAopProxy.java:204)
	at com.sun.proxy.$Proxy44.findPetTypes(Unknown Source)
	at org.springframework.samples.petclinic.service.ClinicServiceImpl.findPetTypes(ClinicServiceImpl.java:60)
	at sun.reflect.NativeMethodAccessorImpl.invoke0(Native Method)
	at sun.reflect.NativeMethodAccessorImpl.invoke(NativeMethodAccessorImpl.java:57)
	at sun.reflect.DelegatingMethodAccessorImpl.invoke(DelegatingMethodAccessorImpl.java:43)
	at java.lang.reflect.Method.invoke(Method.java:606)
	at org.springframework.aop.support.AopUtils.invokeJoinpointUsingReflection(AopUtils.java:317)
	at org.springframework.aop.framework.ReflectiveMethodInvocation.invokeJoinpoint(ReflectiveMethodInvocation.java:183)
	at org.springframework.aop.framework.ReflectiveMethodInvocation.proceed(ReflectiveMethodInvocation.java:150)
	at org.springframework.transaction.interceptor.TransactionInterceptor$1.proceedWithInvocation(TransactionInterceptor.java:96)
	at org.springframework.transaction.interceptor.TransactionAspectSupport.invokeWithinTransaction(TransactionAspectSupport.java:260)
	at org.springframework.transaction.interceptor.TransactionInterceptor.invoke(TransactionInterceptor.java:94)
	at org.springframework.aop.framework.ReflectiveMethodInvocation.proceed(ReflectiveMethodInvocation.java:172)
	at org.springframework.aop.framework.JdkDynamicAopProxy.invoke(JdkDynamicAopProxy.java:204)
	at com.sun.proxy.$Proxy25.findPetTypes(Unknown Source)
	at org.springframework.samples.petclinic.service.AbstractClinicServiceTests.findPet(AbstractClinicServiceTests.java:110)
	at sun.reflect.NativeMethodAccessorImpl.invoke0(Native Method)
	at sun.reflect.NativeMethodAccessorImpl.invoke(NativeMethodAccessorImpl.java:57)
	at sun.reflect.DelegatingMethodAccessorImpl.invoke(DelegatingMethodAccessorImpl.java:43)
	at java.lang.reflect.Method.invoke(Method.java:606)
	at org.junit.runners.model.FrameworkMethod$1.runReflectiveCall(FrameworkMethod.java:47)
	at org.junit.internal.runners.model.ReflectiveCallable.run(ReflectiveCallable.java:12)
	at org.junit.runners.model.FrameworkMethod.invokeExplosively(FrameworkMethod.java:44)
	at org.junit.internal.runners.statements.InvokeMethod.evaluate(InvokeMethod.java:17)
	at org.springframework.test.context.junit4.statements.RunBeforeTestMethodCallbacks.evaluate(RunBeforeTestMethodCallbacks.java:74)
	at org.springframework.test.context.junit4.statements.RunAfterTestMethodCallbacks.evaluate(RunAfterTestMethodCallbacks.java:83)
	at org.springframework.test.context.junit4.statements.SpringRepeat.evaluate(SpringRepeat.java:72)
	at org.springframework.test.context.junit4.SpringJUnit4ClassRunner.runChild(SpringJUnit4ClassRunner.java:231)
	at org.springframework.test.context.junit4.SpringJUnit4ClassRunner.runChild(SpringJUnit4ClassRunner.java:88)
	at org.junit.runners.ParentRunner$3.run(ParentRunner.java:238)
	at org.junit.runners.ParentRunner$1.schedule(ParentRunner.java:63)
	at org.junit.runners.ParentRunner.runChildren(ParentRunner.java:236)
	at org.junit.runners.ParentRunner.access$000(ParentRunner.java:53)
	at org.junit.runners.ParentRunner$2.evaluate(ParentRunner.java:229)
	at org.springframework.test.context.junit4.statements.RunBeforeTestClassCallbacks.evaluate(RunBeforeTestClassCallbacks.java:61)
	at org.springframework.test.context.junit4.statements.RunAfterTestClassCallbacks.evaluate(RunAfterTestClassCallbacks.java:71)
	at org.junit.runners.ParentRunner.run(ParentRunner.java:309)
	at org.springframework.test.context.junit4.SpringJUnit4ClassRunner.run(SpringJUnit4ClassRunner.java:174)
	at org.apache.maven.surefire.junit4.JUnit4Provider.execute(JUnit4Provider.java:264)
	at org.apache.maven.surefire.junit4.JUnit4Provider.executeTestSet(JUnit4Provider.java:153)
	at org.apache.maven.surefire.junit4.JUnit4Provider.invoke(JUnit4Provider.java:124)
	at sun.reflect.NativeMethodAccessorImpl.invoke0(Native Method)
	at sun.reflect.NativeMethodAccessorImpl.invoke(NativeMethodAccessorImpl.java:57)
	at sun.reflect.DelegatingMethodAccessorImpl.invoke(DelegatingMethodAccessorImpl.java:43)
	at java.lang.reflect.Method.invoke(Method.java:606)
	at org.apache.maven.surefire.util.ReflectionUtils.invokeMethodWithArray2(ReflectionUtils.java:208)
	at org.apache.maven.surefire.booter.ProviderFactory$ProviderProxy.invoke(ProviderFactory.java:158)
	at org.apache.maven.surefire.booter.ProviderFactory.invokeProvider(ProviderFactory.java:86)
	at org.apache.maven.surefire.booter.ForkedBooter.runSuitesInProcess(ForkedBooter.java:153)
	at org.apache.maven.surefire.booter.ForkedBooter.main(ForkedBooter.java:95)
</error>
    <system-out>Hibernate: select pettype0_.id as id1_3_, pettype0_.name as name2_3_ from types pettype0_ order by pettype0_.name
WARN  SqlExceptionHelper - SQL Error: -5501, SQLState: 42501
ERROR SqlExceptionHelper - user lacks privilege or object not found: TYPES
</system-out>
  </testcase>
  <testcase time="0.011" classname="org.springframework.samples.petclinic.service.ClinicServiceJpaTests" name="findVets">
    <error message="could not prepare statement; SQL [select distinct vet0_.id as id1_5_0_, specialty2_.id as id1_2_1_, vet0_.first_name as first2_5_0_, vet0_.last_name as last3_5_0_, specialty2_.name as name2_2_1_, specialtie1_.vet_id as vet1_5_0__, specialtie1_.specialty_id as specialt2_4_0__ from vets vet0_ left outer join vet_specialties specialtie1_ on vet0_.id=specialtie1_.vet_id left outer join specialties specialty2_ on specialtie1_.specialty_id=specialty2_.id order by vet0_.last_name, vet0_.first_name]; nested exception is org.hibernate.exception.SQLGrammarException: could not prepare statement" type="org.springframework.dao.InvalidDataAccessResourceUsageException">org.springframework.dao.InvalidDataAccessResourceUsageException: could not prepare statement; SQL [select distinct vet0_.id as id1_5_0_, specialty2_.id as id1_2_1_, vet0_.first_name as first2_5_0_, vet0_.last_name as last3_5_0_, specialty2_.name as name2_2_1_, specialtie1_.vet_id as vet1_5_0__, specialtie1_.specialty_id as specialt2_4_0__ from vets vet0_ left outer join vet_specialties specialtie1_ on vet0_.id=specialtie1_.vet_id left outer join specialties specialty2_ on specialtie1_.specialty_id=specialty2_.id order by vet0_.last_name, vet0_.first_name]; nested exception is org.hibernate.exception.SQLGrammarException: could not prepare statement
	at org.hsqldb.error.Error.error(Unknown Source)
	at org.hsqldb.error.Error.error(Unknown Source)
	at org.hsqldb.SchemaManager.getTable(Unknown Source)
	at org.hsqldb.ParserDQL.readTableName(Unknown Source)
	at org.hsqldb.ParserDQL.readTableOrSubquery(Unknown Source)
	at org.hsqldb.ParserDQL.XreadTableReference(Unknown Source)
	at org.hsqldb.ParserDQL.XreadFromClause(Unknown Source)
	at org.hsqldb.ParserDQL.XreadTableExpression(Unknown Source)
	at org.hsqldb.ParserDQL.XreadQuerySpecification(Unknown Source)
	at org.hsqldb.ParserDQL.XreadSimpleTable(Unknown Source)
	at org.hsqldb.ParserDQL.XreadQueryPrimary(Unknown Source)
	at org.hsqldb.ParserDQL.XreadQueryTerm(Unknown Source)
	at org.hsqldb.ParserDQL.XreadQueryExpressionBody(Unknown Source)
	at org.hsqldb.ParserDQL.XreadQueryExpression(Unknown Source)
	at org.hsqldb.ParserDQL.compileCursorSpecification(Unknown Source)
	at org.hsqldb.ParserCommand.compilePart(Unknown Source)
	at org.hsqldb.ParserCommand.compileStatement(Unknown Source)
	at org.hsqldb.Session.compileStatement(Unknown Source)
	at org.hsqldb.StatementManager.compile(Unknown Source)
	at org.hsqldb.Session.execute(Unknown Source)
	at org.hsqldb.jdbc.JDBCPreparedStatement.&lt;init&gt;(Unknown Source)
	at org.hsqldb.jdbc.JDBCConnection.prepareStatement(Unknown Source)
	at sun.reflect.NativeMethodAccessorImpl.invoke0(Native Method)
	at sun.reflect.NativeMethodAccessorImpl.invoke(NativeMethodAccessorImpl.java:57)
	at sun.reflect.DelegatingMethodAccessorImpl.invoke(DelegatingMethodAccessorImpl.java:43)
	at java.lang.reflect.Method.invoke(Method.java:606)
	at org.apache.tomcat.jdbc.pool.ProxyConnection.invoke(ProxyConnection.java:126)
	at org.apache.tomcat.jdbc.pool.JdbcInterceptor.invoke(JdbcInterceptor.java:109)
	at org.apache.tomcat.jdbc.pool.DisposableConnectionFacade.invoke(DisposableConnectionFacade.java:80)
	at com.sun.proxy.$Proxy22.prepareStatement(Unknown Source)
	at org.hibernate.engine.jdbc.internal.StatementPreparerImpl$5.doPrepare(StatementPreparerImpl.java:161)
	at org.hibernate.engine.jdbc.internal.StatementPreparerImpl$StatementPreparationTemplate.prepareStatement(StatementPreparerImpl.java:182)
	at org.hibernate.engine.jdbc.internal.StatementPreparerImpl.prepareQueryStatement(StatementPreparerImpl.java:159)
	at org.hibernate.loader.Loader.prepareQueryStatement(Loader.java:1858)
	at org.hibernate.loader.Loader.executeQueryStatement(Loader.java:1835)
	at org.hibernate.loader.Loader.executeQueryStatement(Loader.java:1815)
	at org.hibernate.loader.Loader.doQuery(Loader.java:899)
	at org.hibernate.loader.Loader.doQueryAndInitializeNonLazyCollections(Loader.java:341)
	at org.hibernate.loader.Loader.doList(Loader.java:2522)
	at org.hibernate.loader.Loader.doList(Loader.java:2508)
	at org.hibernate.loader.Loader.listIgnoreQueryCache(Loader.java:2338)
	at org.hibernate.loader.Loader.list(Loader.java:2333)
	at org.hibernate.loader.hql.QueryLoader.list(QueryLoader.java:490)
	at org.hibernate.hql.internal.ast.QueryTranslatorImpl.list(QueryTranslatorImpl.java:355)
	at org.hibernate.engine.query.spi.HQLQueryPlan.performList(HQLQueryPlan.java:195)
	at org.hibernate.internal.SessionImpl.list(SessionImpl.java:1269)
	at org.hibernate.internal.QueryImpl.list(QueryImpl.java:101)
	at org.hibernate.ejb.QueryImpl.getResultList(QueryImpl.java:264)
	at org.springframework.samples.petclinic.repository.jpa.JpaVetRepositoryImpl.findAll(JpaVetRepositoryImpl.java:48)
	at sun.reflect.NativeMethodAccessorImpl.invoke0(Native Method)
	at sun.reflect.NativeMethodAccessorImpl.invoke(NativeMethodAccessorImpl.java:57)
	at sun.reflect.DelegatingMethodAccessorImpl.invoke(DelegatingMethodAccessorImpl.java:43)
	at java.lang.reflect.Method.invoke(Method.java:606)
	at org.springframework.aop.support.AopUtils.invokeJoinpointUsingReflection(AopUtils.java:317)
	at org.springframework.aop.framework.ReflectiveMethodInvocation.invokeJoinpoint(ReflectiveMethodInvocation.java:183)
	at org.springframework.aop.framework.ReflectiveMethodInvocation.proceed(ReflectiveMethodInvocation.java:150)
	at org.springframework.dao.support.PersistenceExceptionTranslationInterceptor.invoke(PersistenceExceptionTranslationInterceptor.java:155)
	at org.springframework.aop.framework.ReflectiveMethodInvocation.proceed(ReflectiveMethodInvocation.java:172)
	at org.springframework.aop.framework.JdkDynamicAopProxy.invoke(JdkDynamicAopProxy.java:204)
	at com.sun.proxy.$Proxy45.findAll(Unknown Source)
	at org.springframework.samples.petclinic.service.ClinicServiceImpl.findVets(ClinicServiceImpl.java:105)
	at sun.reflect.NativeMethodAccessorImpl.invoke0(Native Method)
	at sun.reflect.NativeMethodAccessorImpl.invoke(NativeMethodAccessorImpl.java:57)
	at sun.reflect.DelegatingMethodAccessorImpl.invoke(DelegatingMethodAccessorImpl.java:43)
	at java.lang.reflect.Method.invoke(Method.java:606)
	at org.springframework.aop.support.AopUtils.invokeJoinpointUsingReflection(AopUtils.java:317)
	at org.springframework.aop.framework.ReflectiveMethodInvocation.invokeJoinpoint(ReflectiveMethodInvocation.java:183)
	at org.springframework.aop.framework.ReflectiveMethodInvocation.proceed(ReflectiveMethodInvocation.java:150)
	at org.springframework.transaction.interceptor.TransactionInterceptor$1.proceedWithInvocation(TransactionInterceptor.java:96)
	at org.springframework.transaction.interceptor.TransactionAspectSupport.invokeWithinTransaction(TransactionAspectSupport.java:260)
	at org.springframework.transaction.interceptor.TransactionInterceptor.invoke(TransactionInterceptor.java:94)
	at org.springframework.aop.framework.ReflectiveMethodInvocation.proceed(ReflectiveMethodInvocation.java:172)
	at org.springframework.aop.framework.JdkDynamicAopProxy.invoke(JdkDynamicAopProxy.java:204)
	at com.sun.proxy.$Proxy25.findVets(Unknown Source)
	at org.springframework.samples.petclinic.service.AbstractClinicServiceTests.findVets(AbstractClinicServiceTests.java:164)
	at sun.reflect.NativeMethodAccessorImpl.invoke0(Native Method)
	at sun.reflect.NativeMethodAccessorImpl.invoke(NativeMethodAccessorImpl.java:57)
	at sun.reflect.DelegatingMethodAccessorImpl.invoke(DelegatingMethodAccessorImpl.java:43)
	at java.lang.reflect.Method.invoke(Method.java:606)
	at org.junit.runners.model.FrameworkMethod$1.runReflectiveCall(FrameworkMethod.java:47)
	at org.junit.internal.runners.model.ReflectiveCallable.run(ReflectiveCallable.java:12)
	at org.junit.runners.model.FrameworkMethod.invokeExplosively(FrameworkMethod.java:44)
	at org.junit.internal.runners.statements.InvokeMethod.evaluate(InvokeMethod.java:17)
	at org.springframework.test.context.junit4.statements.RunBeforeTestMethodCallbacks.evaluate(RunBeforeTestMethodCallbacks.java:74)
	at org.springframework.test.context.junit4.statements.RunAfterTestMethodCallbacks.evaluate(RunAfterTestMethodCallbacks.java:83)
	at org.springframework.test.context.junit4.statements.SpringRepeat.evaluate(SpringRepeat.java:72)
	at org.springframework.test.context.junit4.SpringJUnit4ClassRunner.runChild(SpringJUnit4ClassRunner.java:231)
	at org.springframework.test.context.junit4.SpringJUnit4ClassRunner.runChild(SpringJUnit4ClassRunner.java:88)
	at org.junit.runners.ParentRunner$3.run(ParentRunner.java:238)
	at org.junit.runners.ParentRunner$1.schedule(ParentRunner.java:63)
	at org.junit.runners.ParentRunner.runChildren(ParentRunner.java:236)
	at org.junit.runners.ParentRunner.access$000(ParentRunner.java:53)
	at org.junit.runners.ParentRunner$2.evaluate(ParentRunner.java:229)
	at org.springframework.test.context.junit4.statements.RunBeforeTestClassCallbacks.evaluate(RunBeforeTestClassCallbacks.java:61)
	at org.springframework.test.context.junit4.statements.RunAfterTestClassCallbacks.evaluate(RunAfterTestClassCallbacks.java:71)
	at org.junit.runners.ParentRunner.run(ParentRunner.java:309)
	at org.springframework.test.context.junit4.SpringJUnit4ClassRunner.run(SpringJUnit4ClassRunner.java:174)
	at org.apache.maven.surefire.junit4.JUnit4Provider.execute(JUnit4Provider.java:264)
	at org.apache.maven.surefire.junit4.JUnit4Provider.executeTestSet(JUnit4Provider.java:153)
	at org.apache.maven.surefire.junit4.JUnit4Provider.invoke(JUnit4Provider.java:124)
	at sun.reflect.NativeMethodAccessorImpl.invoke0(Native Method)
	at sun.reflect.NativeMethodAccessorImpl.invoke(NativeMethodAccessorImpl.java:57)
	at sun.reflect.DelegatingMethodAccessorImpl.invoke(DelegatingMethodAccessorImpl.java:43)
	at java.lang.reflect.Method.invoke(Method.java:606)
	at org.apache.maven.surefire.util.ReflectionUtils.invokeMethodWithArray2(ReflectionUtils.java:208)
	at org.apache.maven.surefire.booter.ProviderFactory$ProviderProxy.invoke(ProviderFactory.java:158)
	at org.apache.maven.surefire.booter.ProviderFactory.invokeProvider(ProviderFactory.java:86)
	at org.apache.maven.surefire.booter.ForkedBooter.runSuitesInProcess(ForkedBooter.java:153)
	at org.apache.maven.surefire.booter.ForkedBooter.main(ForkedBooter.java:95)
</error>
    <system-out>Hibernate: select distinct vet0_.id as id1_5_0_, specialty2_.id as id1_2_1_, vet0_.first_name as first2_5_0_, vet0_.last_name as last3_5_0_, specialty2_.name as name2_2_1_, specialtie1_.vet_id as vet1_5_0__, specialtie1_.specialty_id as specialt2_4_0__ from vets vet0_ left outer join vet_specialties specialtie1_ on vet0_.id=specialtie1_.vet_id left outer join specialties specialty2_ on specialtie1_.specialty_id=specialty2_.id order by vet0_.last_name, vet0_.first_name
WARN  SqlExceptionHelper - SQL Error: -5501, SQLState: 42501
ERROR SqlExceptionHelper - user lacks privilege or object not found: VETS
</system-out>
  </testcase>
  <testcase time="0.018" classname="org.springframework.samples.petclinic.service.ClinicServiceJpaTests" name="updateOwner">
    <error message="could not prepare statement; SQL [select owner0_.id as id1_0_0_, pets1_.id as id1_1_1_, owner0_.first_name as first2_0_0_, owner0_.last_name as last3_0_0_, owner0_.address as address4_0_0_, owner0_.city as city5_0_0_, owner0_.telephone as telephon6_0_0_, pets1_.name as name2_1_1_, pets1_.birth_date as birth3_1_1_, pets1_.owner_id as owner4_1_1_, pets1_.type_id as type5_1_1_, pets1_.owner_id as owner4_0_0__, pets1_.id as id1_1_0__ from owners owner0_ left outer join pets pets1_ on owner0_.id=pets1_.owner_id where owner0_.id=?]; nested exception is org.hibernate.exception.SQLGrammarException: could not prepare statement" type="org.springframework.dao.InvalidDataAccessResourceUsageException">org.springframework.dao.InvalidDataAccessResourceUsageException: could not prepare statement; SQL [select owner0_.id as id1_0_0_, pets1_.id as id1_1_1_, owner0_.first_name as first2_0_0_, owner0_.last_name as last3_0_0_, owner0_.address as address4_0_0_, owner0_.city as city5_0_0_, owner0_.telephone as telephon6_0_0_, pets1_.name as name2_1_1_, pets1_.birth_date as birth3_1_1_, pets1_.owner_id as owner4_1_1_, pets1_.type_id as type5_1_1_, pets1_.owner_id as owner4_0_0__, pets1_.id as id1_1_0__ from owners owner0_ left outer join pets pets1_ on owner0_.id=pets1_.owner_id where owner0_.id=?]; nested exception is org.hibernate.exception.SQLGrammarException: could not prepare statement
	at org.hsqldb.error.Error.error(Unknown Source)
	at org.hsqldb.error.Error.error(Unknown Source)
	at org.hsqldb.SchemaManager.getTable(Unknown Source)
	at org.hsqldb.ParserDQL.readTableName(Unknown Source)
	at org.hsqldb.ParserDQL.readTableOrSubquery(Unknown Source)
	at org.hsqldb.ParserDQL.XreadTableReference(Unknown Source)
	at org.hsqldb.ParserDQL.XreadFromClause(Unknown Source)
	at org.hsqldb.ParserDQL.XreadTableExpression(Unknown Source)
	at org.hsqldb.ParserDQL.XreadQuerySpecification(Unknown Source)
	at org.hsqldb.ParserDQL.XreadSimpleTable(Unknown Source)
	at org.hsqldb.ParserDQL.XreadQueryPrimary(Unknown Source)
	at org.hsqldb.ParserDQL.XreadQueryTerm(Unknown Source)
	at org.hsqldb.ParserDQL.XreadQueryExpressionBody(Unknown Source)
	at org.hsqldb.ParserDQL.XreadQueryExpression(Unknown Source)
	at org.hsqldb.ParserDQL.compileCursorSpecification(Unknown Source)
	at org.hsqldb.ParserCommand.compilePart(Unknown Source)
	at org.hsqldb.ParserCommand.compileStatement(Unknown Source)
	at org.hsqldb.Session.compileStatement(Unknown Source)
	at org.hsqldb.StatementManager.compile(Unknown Source)
	at org.hsqldb.Session.execute(Unknown Source)
	at org.hsqldb.jdbc.JDBCPreparedStatement.&lt;init&gt;(Unknown Source)
	at org.hsqldb.jdbc.JDBCConnection.prepareStatement(Unknown Source)
	at sun.reflect.NativeMethodAccessorImpl.invoke0(Native Method)
	at sun.reflect.NativeMethodAccessorImpl.invoke(NativeMethodAccessorImpl.java:57)
	at sun.reflect.DelegatingMethodAccessorImpl.invoke(DelegatingMethodAccessorImpl.java:43)
	at java.lang.reflect.Method.invoke(Method.java:606)
	at org.apache.tomcat.jdbc.pool.ProxyConnection.invoke(ProxyConnection.java:126)
	at org.apache.tomcat.jdbc.pool.JdbcInterceptor.invoke(JdbcInterceptor.java:109)
	at org.apache.tomcat.jdbc.pool.DisposableConnectionFacade.invoke(DisposableConnectionFacade.java:80)
	at com.sun.proxy.$Proxy22.prepareStatement(Unknown Source)
	at org.hibernate.engine.jdbc.internal.StatementPreparerImpl$5.doPrepare(StatementPreparerImpl.java:161)
	at org.hibernate.engine.jdbc.internal.StatementPreparerImpl$StatementPreparationTemplate.prepareStatement(StatementPreparerImpl.java:182)
	at org.hibernate.engine.jdbc.internal.StatementPreparerImpl.prepareQueryStatement(StatementPreparerImpl.java:159)
	at org.hibernate.loader.Loader.prepareQueryStatement(Loader.java:1858)
	at org.hibernate.loader.Loader.executeQueryStatement(Loader.java:1835)
	at org.hibernate.loader.Loader.executeQueryStatement(Loader.java:1815)
	at org.hibernate.loader.Loader.doQuery(Loader.java:899)
	at org.hibernate.loader.Loader.doQueryAndInitializeNonLazyCollections(Loader.java:341)
	at org.hibernate.loader.Loader.doList(Loader.java:2522)
	at org.hibernate.loader.Loader.doList(Loader.java:2508)
	at org.hibernate.loader.Loader.listIgnoreQueryCache(Loader.java:2338)
	at org.hibernate.loader.Loader.list(Loader.java:2333)
	at org.hibernate.loader.hql.QueryLoader.list(QueryLoader.java:490)
	at org.hibernate.hql.internal.ast.QueryTranslatorImpl.list(QueryTranslatorImpl.java:355)
	at org.hibernate.engine.query.spi.HQLQueryPlan.performList(HQLQueryPlan.java:195)
	at org.hibernate.internal.SessionImpl.list(SessionImpl.java:1269)
	at org.hibernate.internal.QueryImpl.list(QueryImpl.java:101)
	at org.hibernate.ejb.QueryImpl.getSingleResult(QueryImpl.java:283)
	at org.springframework.samples.petclinic.repository.jpa.JpaOwnerRepositoryImpl.findById(JpaOwnerRepositoryImpl.java:67)
	at sun.reflect.NativeMethodAccessorImpl.invoke0(Native Method)
	at sun.reflect.NativeMethodAccessorImpl.invoke(NativeMethodAccessorImpl.java:57)
	at sun.reflect.DelegatingMethodAccessorImpl.invoke(DelegatingMethodAccessorImpl.java:43)
	at java.lang.reflect.Method.invoke(Method.java:606)
	at org.springframework.aop.support.AopUtils.invokeJoinpointUsingReflection(AopUtils.java:317)
	at org.springframework.aop.framework.ReflectiveMethodInvocation.invokeJoinpoint(ReflectiveMethodInvocation.java:183)
	at org.springframework.aop.framework.ReflectiveMethodInvocation.proceed(ReflectiveMethodInvocation.java:150)
	at org.springframework.dao.support.PersistenceExceptionTranslationInterceptor.invoke(PersistenceExceptionTranslationInterceptor.java:155)
	at org.springframework.aop.framework.ReflectiveMethodInvocation.proceed(ReflectiveMethodInvocation.java:172)
	at org.springframework.aop.framework.JdkDynamicAopProxy.invoke(JdkDynamicAopProxy.java:204)
	at com.sun.proxy.$Proxy46.findById(Unknown Source)
	at org.springframework.samples.petclinic.service.ClinicServiceImpl.findOwnerById(ClinicServiceImpl.java:66)
	at sun.reflect.NativeMethodAccessorImpl.invoke0(Native Method)
	at sun.reflect.NativeMethodAccessorImpl.invoke(NativeMethodAccessorImpl.java:57)
	at sun.reflect.DelegatingMethodAccessorImpl.invoke(DelegatingMethodAccessorImpl.java:43)
	at java.lang.reflect.Method.invoke(Method.java:606)
	at org.springframework.aop.support.AopUtils.invokeJoinpointUsingReflection(AopUtils.java:317)
	at org.springframework.aop.framework.ReflectiveMethodInvocation.invokeJoinpoint(ReflectiveMethodInvocation.java:183)
	at org.springframework.aop.framework.ReflectiveMethodInvocation.proceed(ReflectiveMethodInvocation.java:150)
	at org.springframework.transaction.interceptor.TransactionInterceptor$1.proceedWithInvocation(TransactionInterceptor.java:96)
	at org.springframework.transaction.interceptor.TransactionAspectSupport.invokeWithinTransaction(TransactionAspectSupport.java:260)
	at org.springframework.transaction.interceptor.TransactionInterceptor.invoke(TransactionInterceptor.java:94)
	at org.springframework.aop.framework.ReflectiveMethodInvocation.proceed(ReflectiveMethodInvocation.java:172)
	at org.springframework.aop.framework.JdkDynamicAopProxy.invoke(JdkDynamicAopProxy.java:204)
	at com.sun.proxy.$Proxy25.findOwnerById(Unknown Source)
	at org.springframework.samples.petclinic.service.AbstractClinicServiceTests.updateOwner(AbstractClinicServiceTests.java:100)
	at sun.reflect.NativeMethodAccessorImpl.invoke0(Native Method)
	at sun.reflect.NativeMethodAccessorImpl.invoke(NativeMethodAccessorImpl.java:57)
	at sun.reflect.DelegatingMethodAccessorImpl.invoke(DelegatingMethodAccessorImpl.java:43)
	at java.lang.reflect.Method.invoke(Method.java:606)
	at org.junit.runners.model.FrameworkMethod$1.runReflectiveCall(FrameworkMethod.java:47)
	at org.junit.internal.runners.model.ReflectiveCallable.run(ReflectiveCallable.java:12)
	at org.junit.runners.model.FrameworkMethod.invokeExplosively(FrameworkMethod.java:44)
	at org.junit.internal.runners.statements.InvokeMethod.evaluate(InvokeMethod.java:17)
	at org.springframework.test.context.junit4.statements.RunBeforeTestMethodCallbacks.evaluate(RunBeforeTestMethodCallbacks.java:74)
	at org.springframework.test.context.junit4.statements.RunAfterTestMethodCallbacks.evaluate(RunAfterTestMethodCallbacks.java:83)
	at org.springframework.test.context.junit4.statements.SpringRepeat.evaluate(SpringRepeat.java:72)
	at org.springframework.test.context.junit4.SpringJUnit4ClassRunner.runChild(SpringJUnit4ClassRunner.java:231)
	at org.springframework.test.context.junit4.SpringJUnit4ClassRunner.runChild(SpringJUnit4ClassRunner.java:88)
	at org.junit.runners.ParentRunner$3.run(ParentRunner.java:238)
	at org.junit.runners.ParentRunner$1.schedule(ParentRunner.java:63)
	at org.junit.runners.ParentRunner.runChildren(ParentRunner.java:236)
	at org.junit.runners.ParentRunner.access$000(ParentRunner.java:53)
	at org.junit.runners.ParentRunner$2.evaluate(ParentRunner.java:229)
	at org.springframework.test.context.junit4.statements.RunBeforeTestClassCallbacks.evaluate(RunBeforeTestClassCallbacks.java:61)
	at org.springframework.test.context.junit4.statements.RunAfterTestClassCallbacks.evaluate(RunAfterTestClassCallbacks.java:71)
	at org.junit.runners.ParentRunner.run(ParentRunner.java:309)
	at org.springframework.test.context.junit4.SpringJUnit4ClassRunner.run(SpringJUnit4ClassRunner.java:174)
	at org.apache.maven.surefire.junit4.JUnit4Provider.execute(JUnit4Provider.java:264)
	at org.apache.maven.surefire.junit4.JUnit4Provider.executeTestSet(JUnit4Provider.java:153)
	at org.apache.maven.surefire.junit4.JUnit4Provider.invoke(JUnit4Provider.java:124)
	at sun.reflect.NativeMethodAccessorImpl.invoke0(Native Method)
	at sun.reflect.NativeMethodAccessorImpl.invoke(NativeMethodAccessorImpl.java:57)
	at sun.reflect.DelegatingMethodAccessorImpl.invoke(DelegatingMethodAccessorImpl.java:43)
	at java.lang.reflect.Method.invoke(Method.java:606)
	at org.apache.maven.surefire.util.ReflectionUtils.invokeMethodWithArray2(ReflectionUtils.java:208)
	at org.apache.maven.surefire.booter.ProviderFactory$ProviderProxy.invoke(ProviderFactory.java:158)
	at org.apache.maven.surefire.booter.ProviderFactory.invokeProvider(ProviderFactory.java:86)
	at org.apache.maven.surefire.booter.ForkedBooter.runSuitesInProcess(ForkedBooter.java:153)
	at org.apache.maven.surefire.booter.ForkedBooter.main(ForkedBooter.java:95)
</error>
    <system-out>INFO  TransactionalTestExecutionListener - Began transaction (2): transaction manager [org.springframework.orm.jpa.JpaTransactionManager@779c2a63]; rollback [true]
Hibernate: select owner0_.id as id1_0_0_, pets1_.id as id1_1_1_, owner0_.first_name as first2_0_0_, owner0_.last_name as last3_0_0_, owner0_.address as address4_0_0_, owner0_.city as city5_0_0_, owner0_.telephone as telephon6_0_0_, pets1_.name as name2_1_1_, pets1_.birth_date as birth3_1_1_, pets1_.owner_id as owner4_1_1_, pets1_.type_id as type5_1_1_, pets1_.owner_id as owner4_0_0__, pets1_.id as id1_1_0__ from owners owner0_ left outer join pets pets1_ on owner0_.id=pets1_.owner_id where owner0_.id=?
WARN  SqlExceptionHelper - SQL Error: -5501, SQLState: 42501
ERROR SqlExceptionHelper - user lacks privilege or object not found: OWNERS
INFO  TransactionalTestExecutionListener - Rolled back transaction after test execution for test context [TestContext@4e02f273 testClass = ClinicServiceJpaTests, testInstance = org.springframework.samples.petclinic.service.ClinicServiceJpaTests@5ed72cc6, testMethod = updateOwner@AbstractClinicServiceTests, testException = org.springframework.dao.InvalidDataAccessResourceUsageException: could not prepare statement; SQL [select owner0_.id as id1_0_0_, pets1_.id as id1_1_1_, owner0_.first_name as first2_0_0_, owner0_.last_name as last3_0_0_, owner0_.address as address4_0_0_, owner0_.city as city5_0_0_, owner0_.telephone as telephon6_0_0_, pets1_.name as name2_1_1_, pets1_.birth_date as birth3_1_1_, pets1_.owner_id as owner4_1_1_, pets1_.type_id as type5_1_1_, pets1_.owner_id as owner4_0_0__, pets1_.id as id1_1_0__ from owners owner0_ left outer join pets pets1_ on owner0_.id=pets1_.owner_id where owner0_.id=?]; nested exception is org.hibernate.exception.SQLGrammarException: could not prepare statement, mergedContextConfiguration = [MergedContextConfiguration@2193b6b testClass = ClinicServiceJpaTests, locations = &apos;{classpath:spring/business-config.xml}&apos;, classes = &apos;{}&apos;, contextInitializerClasses = &apos;[]&apos;, activeProfiles = &apos;{}&apos;, contextLoader = &apos;org.springframework.test.context.support.DelegatingSmartContextLoader&apos;, parent = [null]]]
</system-out>
  </testcase>
  <testcase time="0.021" classname="org.springframework.samples.petclinic.service.ClinicServiceJpaTests" name="insertPet">
    <error message="could not prepare statement; SQL [select owner0_.id as id1_0_0_, pets1_.id as id1_1_1_, owner0_.first_name as first2_0_0_, owner0_.last_name as last3_0_0_, owner0_.address as address4_0_0_, owner0_.city as city5_0_0_, owner0_.telephone as telephon6_0_0_, pets1_.name as name2_1_1_, pets1_.birth_date as birth3_1_1_, pets1_.owner_id as owner4_1_1_, pets1_.type_id as type5_1_1_, pets1_.owner_id as owner4_0_0__, pets1_.id as id1_1_0__ from owners owner0_ left outer join pets pets1_ on owner0_.id=pets1_.owner_id where owner0_.id=?]; nested exception is org.hibernate.exception.SQLGrammarException: could not prepare statement" type="org.springframework.dao.InvalidDataAccessResourceUsageException">org.springframework.dao.InvalidDataAccessResourceUsageException: could not prepare statement; SQL [select owner0_.id as id1_0_0_, pets1_.id as id1_1_1_, owner0_.first_name as first2_0_0_, owner0_.last_name as last3_0_0_, owner0_.address as address4_0_0_, owner0_.city as city5_0_0_, owner0_.telephone as telephon6_0_0_, pets1_.name as name2_1_1_, pets1_.birth_date as birth3_1_1_, pets1_.owner_id as owner4_1_1_, pets1_.type_id as type5_1_1_, pets1_.owner_id as owner4_0_0__, pets1_.id as id1_1_0__ from owners owner0_ left outer join pets pets1_ on owner0_.id=pets1_.owner_id where owner0_.id=?]; nested exception is org.hibernate.exception.SQLGrammarException: could not prepare statement
	at org.hsqldb.error.Error.error(Unknown Source)
	at org.hsqldb.error.Error.error(Unknown Source)
	at org.hsqldb.SchemaManager.getTable(Unknown Source)
	at org.hsqldb.ParserDQL.readTableName(Unknown Source)
	at org.hsqldb.ParserDQL.readTableOrSubquery(Unknown Source)
	at org.hsqldb.ParserDQL.XreadTableReference(Unknown Source)
	at org.hsqldb.ParserDQL.XreadFromClause(Unknown Source)
	at org.hsqldb.ParserDQL.XreadTableExpression(Unknown Source)
	at org.hsqldb.ParserDQL.XreadQuerySpecification(Unknown Source)
	at org.hsqldb.ParserDQL.XreadSimpleTable(Unknown Source)
	at org.hsqldb.ParserDQL.XreadQueryPrimary(Unknown Source)
	at org.hsqldb.ParserDQL.XreadQueryTerm(Unknown Source)
	at org.hsqldb.ParserDQL.XreadQueryExpressionBody(Unknown Source)
	at org.hsqldb.ParserDQL.XreadQueryExpression(Unknown Source)
	at org.hsqldb.ParserDQL.compileCursorSpecification(Unknown Source)
	at org.hsqldb.ParserCommand.compilePart(Unknown Source)
	at org.hsqldb.ParserCommand.compileStatement(Unknown Source)
	at org.hsqldb.Session.compileStatement(Unknown Source)
	at org.hsqldb.StatementManager.compile(Unknown Source)
	at org.hsqldb.Session.execute(Unknown Source)
	at org.hsqldb.jdbc.JDBCPreparedStatement.&lt;init&gt;(Unknown Source)
	at org.hsqldb.jdbc.JDBCConnection.prepareStatement(Unknown Source)
	at sun.reflect.NativeMethodAccessorImpl.invoke0(Native Method)
	at sun.reflect.NativeMethodAccessorImpl.invoke(NativeMethodAccessorImpl.java:57)
	at sun.reflect.DelegatingMethodAccessorImpl.invoke(DelegatingMethodAccessorImpl.java:43)
	at java.lang.reflect.Method.invoke(Method.java:606)
	at org.apache.tomcat.jdbc.pool.ProxyConnection.invoke(ProxyConnection.java:126)
	at org.apache.tomcat.jdbc.pool.JdbcInterceptor.invoke(JdbcInterceptor.java:109)
	at org.apache.tomcat.jdbc.pool.DisposableConnectionFacade.invoke(DisposableConnectionFacade.java:80)
	at com.sun.proxy.$Proxy22.prepareStatement(Unknown Source)
	at org.hibernate.engine.jdbc.internal.StatementPreparerImpl$5.doPrepare(StatementPreparerImpl.java:161)
	at org.hibernate.engine.jdbc.internal.StatementPreparerImpl$StatementPreparationTemplate.prepareStatement(StatementPreparerImpl.java:182)
	at org.hibernate.engine.jdbc.internal.StatementPreparerImpl.prepareQueryStatement(StatementPreparerImpl.java:159)
	at org.hibernate.loader.Loader.prepareQueryStatement(Loader.java:1858)
	at org.hibernate.loader.Loader.executeQueryStatement(Loader.java:1835)
	at org.hibernate.loader.Loader.executeQueryStatement(Loader.java:1815)
	at org.hibernate.loader.Loader.doQuery(Loader.java:899)
	at org.hibernate.loader.Loader.doQueryAndInitializeNonLazyCollections(Loader.java:341)
	at org.hibernate.loader.Loader.doList(Loader.java:2522)
	at org.hibernate.loader.Loader.doList(Loader.java:2508)
	at org.hibernate.loader.Loader.listIgnoreQueryCache(Loader.java:2338)
	at org.hibernate.loader.Loader.list(Loader.java:2333)
	at org.hibernate.loader.hql.QueryLoader.list(QueryLoader.java:490)
	at org.hibernate.hql.internal.ast.QueryTranslatorImpl.list(QueryTranslatorImpl.java:355)
	at org.hibernate.engine.query.spi.HQLQueryPlan.performList(HQLQueryPlan.java:195)
	at org.hibernate.internal.SessionImpl.list(SessionImpl.java:1269)
	at org.hibernate.internal.QueryImpl.list(QueryImpl.java:101)
	at org.hibernate.ejb.QueryImpl.getSingleResult(QueryImpl.java:283)
	at org.springframework.samples.petclinic.repository.jpa.JpaOwnerRepositoryImpl.findById(JpaOwnerRepositoryImpl.java:67)
	at sun.reflect.NativeMethodAccessorImpl.invoke0(Native Method)
	at sun.reflect.NativeMethodAccessorImpl.invoke(NativeMethodAccessorImpl.java:57)
	at sun.reflect.DelegatingMethodAccessorImpl.invoke(DelegatingMethodAccessorImpl.java:43)
	at java.lang.reflect.Method.invoke(Method.java:606)
	at org.springframework.aop.support.AopUtils.invokeJoinpointUsingReflection(AopUtils.java:317)
	at org.springframework.aop.framework.ReflectiveMethodInvocation.invokeJoinpoint(ReflectiveMethodInvocation.java:183)
	at org.springframework.aop.framework.ReflectiveMethodInvocation.proceed(ReflectiveMethodInvocation.java:150)
	at org.springframework.dao.support.PersistenceExceptionTranslationInterceptor.invoke(PersistenceExceptionTranslationInterceptor.java:155)
	at org.springframework.aop.framework.ReflectiveMethodInvocation.proceed(ReflectiveMethodInvocation.java:172)
	at org.springframework.aop.framework.JdkDynamicAopProxy.invoke(JdkDynamicAopProxy.java:204)
	at com.sun.proxy.$Proxy46.findById(Unknown Source)
	at org.springframework.samples.petclinic.service.ClinicServiceImpl.findOwnerById(ClinicServiceImpl.java:66)
	at sun.reflect.NativeMethodAccessorImpl.invoke0(Native Method)
	at sun.reflect.NativeMethodAccessorImpl.invoke(NativeMethodAccessorImpl.java:57)
	at sun.reflect.DelegatingMethodAccessorImpl.invoke(DelegatingMethodAccessorImpl.java:43)
	at java.lang.reflect.Method.invoke(Method.java:606)
	at org.springframework.aop.support.AopUtils.invokeJoinpointUsingReflection(AopUtils.java:317)
	at org.springframework.aop.framework.ReflectiveMethodInvocation.invokeJoinpoint(ReflectiveMethodInvocation.java:183)
	at org.springframework.aop.framework.ReflectiveMethodInvocation.proceed(ReflectiveMethodInvocation.java:150)
	at org.springframework.transaction.interceptor.TransactionInterceptor$1.proceedWithInvocation(TransactionInterceptor.java:96)
	at org.springframework.transaction.interceptor.TransactionAspectSupport.invokeWithinTransaction(TransactionAspectSupport.java:260)
	at org.springframework.transaction.interceptor.TransactionInterceptor.invoke(TransactionInterceptor.java:94)
	at org.springframework.aop.framework.ReflectiveMethodInvocation.proceed(ReflectiveMethodInvocation.java:172)
	at org.springframework.aop.framework.JdkDynamicAopProxy.invoke(JdkDynamicAopProxy.java:204)
	at com.sun.proxy.$Proxy25.findOwnerById(Unknown Source)
	at org.springframework.samples.petclinic.service.AbstractClinicServiceTests.insertPet(AbstractClinicServiceTests.java:134)
	at sun.reflect.NativeMethodAccessorImpl.invoke0(Native Method)
	at sun.reflect.NativeMethodAccessorImpl.invoke(NativeMethodAccessorImpl.java:57)
	at sun.reflect.DelegatingMethodAccessorImpl.invoke(DelegatingMethodAccessorImpl.java:43)
	at java.lang.reflect.Method.invoke(Method.java:606)
	at org.junit.runners.model.FrameworkMethod$1.runReflectiveCall(FrameworkMethod.java:47)
	at org.junit.internal.runners.model.ReflectiveCallable.run(ReflectiveCallable.java:12)
	at org.junit.runners.model.FrameworkMethod.invokeExplosively(FrameworkMethod.java:44)
	at org.junit.internal.runners.statements.InvokeMethod.evaluate(InvokeMethod.java:17)
	at org.springframework.test.context.junit4.statements.RunBeforeTestMethodCallbacks.evaluate(RunBeforeTestMethodCallbacks.java:74)
	at org.springframework.test.context.junit4.statements.RunAfterTestMethodCallbacks.evaluate(RunAfterTestMethodCallbacks.java:83)
	at org.springframework.test.context.junit4.statements.SpringRepeat.evaluate(SpringRepeat.java:72)
	at org.springframework.test.context.junit4.SpringJUnit4ClassRunner.runChild(SpringJUnit4ClassRunner.java:231)
	at org.springframework.test.context.junit4.SpringJUnit4ClassRunner.runChild(SpringJUnit4ClassRunner.java:88)
	at org.junit.runners.ParentRunner$3.run(ParentRunner.java:238)
	at org.junit.runners.ParentRunner$1.schedule(ParentRunner.java:63)
	at org.junit.runners.ParentRunner.runChildren(ParentRunner.java:236)
	at org.junit.runners.ParentRunner.access$000(ParentRunner.java:53)
	at org.junit.runners.ParentRunner$2.evaluate(ParentRunner.java:229)
	at org.springframework.test.context.junit4.statements.RunBeforeTestClassCallbacks.evaluate(RunBeforeTestClassCallbacks.java:61)
	at org.springframework.test.context.junit4.statements.RunAfterTestClassCallbacks.evaluate(RunAfterTestClassCallbacks.java:71)
	at org.junit.runners.ParentRunner.run(ParentRunner.java:309)
	at org.springframework.test.context.junit4.SpringJUnit4ClassRunner.run(SpringJUnit4ClassRunner.java:174)
	at org.apache.maven.surefire.junit4.JUnit4Provider.execute(JUnit4Provider.java:264)
	at org.apache.maven.surefire.junit4.JUnit4Provider.executeTestSet(JUnit4Provider.java:153)
	at org.apache.maven.surefire.junit4.JUnit4Provider.invoke(JUnit4Provider.java:124)
	at sun.reflect.NativeMethodAccessorImpl.invoke0(Native Method)
	at sun.reflect.NativeMethodAccessorImpl.invoke(NativeMethodAccessorImpl.java:57)
	at sun.reflect.DelegatingMethodAccessorImpl.invoke(DelegatingMethodAccessorImpl.java:43)
	at java.lang.reflect.Method.invoke(Method.java:606)
	at org.apache.maven.surefire.util.ReflectionUtils.invokeMethodWithArray2(ReflectionUtils.java:208)
	at org.apache.maven.surefire.booter.ProviderFactory$ProviderProxy.invoke(ProviderFactory.java:158)
	at org.apache.maven.surefire.booter.ProviderFactory.invokeProvider(ProviderFactory.java:86)
	at org.apache.maven.surefire.booter.ForkedBooter.runSuitesInProcess(ForkedBooter.java:153)
	at org.apache.maven.surefire.booter.ForkedBooter.main(ForkedBooter.java:95)
</error>
    <system-out>INFO  TransactionalTestExecutionListener - Began transaction (3): transaction manager [org.springframework.orm.jpa.JpaTransactionManager@779c2a63]; rollback [true]
Hibernate: select owner0_.id as id1_0_0_, pets1_.id as id1_1_1_, owner0_.first_name as first2_0_0_, owner0_.last_name as last3_0_0_, owner0_.address as address4_0_0_, owner0_.city as city5_0_0_, owner0_.telephone as telephon6_0_0_, pets1_.name as name2_1_1_, pets1_.birth_date as birth3_1_1_, pets1_.owner_id as owner4_1_1_, pets1_.type_id as type5_1_1_, pets1_.owner_id as owner4_0_0__, pets1_.id as id1_1_0__ from owners owner0_ left outer join pets pets1_ on owner0_.id=pets1_.owner_id where owner0_.id=?
WARN  SqlExceptionHelper - SQL Error: -5501, SQLState: 42501
ERROR SqlExceptionHelper - user lacks privilege or object not found: OWNERS
INFO  TransactionalTestExecutionListener - Rolled back transaction after test execution for test context [TestContext@4e02f273 testClass = ClinicServiceJpaTests, testInstance = org.springframework.samples.petclinic.service.ClinicServiceJpaTests@7b91a8e6, testMethod = insertPet@AbstractClinicServiceTests, testException = org.springframework.dao.InvalidDataAccessResourceUsageException: could not prepare statement; SQL [select owner0_.id as id1_0_0_, pets1_.id as id1_1_1_, owner0_.first_name as first2_0_0_, owner0_.last_name as last3_0_0_, owner0_.address as address4_0_0_, owner0_.city as city5_0_0_, owner0_.telephone as telephon6_0_0_, pets1_.name as name2_1_1_, pets1_.birth_date as birth3_1_1_, pets1_.owner_id as owner4_1_1_, pets1_.type_id as type5_1_1_, pets1_.owner_id as owner4_0_0__, pets1_.id as id1_1_0__ from owners owner0_ left outer join pets pets1_ on owner0_.id=pets1_.owner_id where owner0_.id=?]; nested exception is org.hibernate.exception.SQLGrammarException: could not prepare statement, mergedContextConfiguration = [MergedContextConfiguration@2193b6b testClass = ClinicServiceJpaTests, locations = &apos;{classpath:spring/business-config.xml}&apos;, classes = &apos;{}&apos;, contextInitializerClasses = &apos;[]&apos;, activeProfiles = &apos;{}&apos;, contextLoader = &apos;org.springframework.test.context.support.DelegatingSmartContextLoader&apos;, parent = [null]]]
</system-out>
  </testcase>
  <testcase time="0" classname="org.springframework.samples.petclinic.service.ClinicServiceJpaTests" name="findSingleOwner">
    <error message="could not prepare statement; SQL [select owner0_.id as id1_0_0_, pets1_.id as id1_1_1_, owner0_.first_name as first2_0_0_, owner0_.last_name as last3_0_0_, owner0_.address as address4_0_0_, owner0_.city as city5_0_0_, owner0_.telephone as telephon6_0_0_, pets1_.name as name2_1_1_, pets1_.birth_date as birth3_1_1_, pets1_.owner_id as owner4_1_1_, pets1_.type_id as type5_1_1_, pets1_.owner_id as owner4_0_0__, pets1_.id as id1_1_0__ from owners owner0_ left outer join pets pets1_ on owner0_.id=pets1_.owner_id where owner0_.id=?]; nested exception is org.hibernate.exception.SQLGrammarException: could not prepare statement" type="org.springframework.dao.InvalidDataAccessResourceUsageException">org.springframework.dao.InvalidDataAccessResourceUsageException: could not prepare statement; SQL [select owner0_.id as id1_0_0_, pets1_.id as id1_1_1_, owner0_.first_name as first2_0_0_, owner0_.last_name as last3_0_0_, owner0_.address as address4_0_0_, owner0_.city as city5_0_0_, owner0_.telephone as telephon6_0_0_, pets1_.name as name2_1_1_, pets1_.birth_date as birth3_1_1_, pets1_.owner_id as owner4_1_1_, pets1_.type_id as type5_1_1_, pets1_.owner_id as owner4_0_0__, pets1_.id as id1_1_0__ from owners owner0_ left outer join pets pets1_ on owner0_.id=pets1_.owner_id where owner0_.id=?]; nested exception is org.hibernate.exception.SQLGrammarException: could not prepare statement
	at org.hsqldb.error.Error.error(Unknown Source)
	at org.hsqldb.error.Error.error(Unknown Source)
	at org.hsqldb.SchemaManager.getTable(Unknown Source)
	at org.hsqldb.ParserDQL.readTableName(Unknown Source)
	at org.hsqldb.ParserDQL.readTableOrSubquery(Unknown Source)
	at org.hsqldb.ParserDQL.XreadTableReference(Unknown Source)
	at org.hsqldb.ParserDQL.XreadFromClause(Unknown Source)
	at org.hsqldb.ParserDQL.XreadTableExpression(Unknown Source)
	at org.hsqldb.ParserDQL.XreadQuerySpecification(Unknown Source)
	at org.hsqldb.ParserDQL.XreadSimpleTable(Unknown Source)
	at org.hsqldb.ParserDQL.XreadQueryPrimary(Unknown Source)
	at org.hsqldb.ParserDQL.XreadQueryTerm(Unknown Source)
	at org.hsqldb.ParserDQL.XreadQueryExpressionBody(Unknown Source)
	at org.hsqldb.ParserDQL.XreadQueryExpression(Unknown Source)
	at org.hsqldb.ParserDQL.compileCursorSpecification(Unknown Source)
	at org.hsqldb.ParserCommand.compilePart(Unknown Source)
	at org.hsqldb.ParserCommand.compileStatement(Unknown Source)
	at org.hsqldb.Session.compileStatement(Unknown Source)
	at org.hsqldb.StatementManager.compile(Unknown Source)
	at org.hsqldb.Session.execute(Unknown Source)
	at org.hsqldb.jdbc.JDBCPreparedStatement.&lt;init&gt;(Unknown Source)
	at org.hsqldb.jdbc.JDBCConnection.prepareStatement(Unknown Source)
	at sun.reflect.NativeMethodAccessorImpl.invoke0(Native Method)
	at sun.reflect.NativeMethodAccessorImpl.invoke(NativeMethodAccessorImpl.java:57)
	at sun.reflect.DelegatingMethodAccessorImpl.invoke(DelegatingMethodAccessorImpl.java:43)
	at java.lang.reflect.Method.invoke(Method.java:606)
	at org.apache.tomcat.jdbc.pool.ProxyConnection.invoke(ProxyConnection.java:126)
	at org.apache.tomcat.jdbc.pool.JdbcInterceptor.invoke(JdbcInterceptor.java:109)
	at org.apache.tomcat.jdbc.pool.DisposableConnectionFacade.invoke(DisposableConnectionFacade.java:80)
	at com.sun.proxy.$Proxy22.prepareStatement(Unknown Source)
	at org.hibernate.engine.jdbc.internal.StatementPreparerImpl$5.doPrepare(StatementPreparerImpl.java:161)
	at org.hibernate.engine.jdbc.internal.StatementPreparerImpl$StatementPreparationTemplate.prepareStatement(StatementPreparerImpl.java:182)
	at org.hibernate.engine.jdbc.internal.StatementPreparerImpl.prepareQueryStatement(StatementPreparerImpl.java:159)
	at org.hibernate.loader.Loader.prepareQueryStatement(Loader.java:1858)
	at org.hibernate.loader.Loader.executeQueryStatement(Loader.java:1835)
[...]
	at sun.reflect.DelegatingMethodAccessorImpl.invoke(DelegatingMethodAccessorImpl.java:43)
	at java.lang.reflect.Method.invoke(Method.java:606)
	at org.springframework.aop.support.AopUtils.invokeJoinpointUsingReflection(AopUtils.java:317)
	at org.springframework.aop.framework.ReflectiveMethodInvocation.invokeJoinpoint(ReflectiveMethodInvocation.java:183)
	at org.springframework.aop.framework.ReflectiveMethodInvocation.proceed(ReflectiveMethodInvocation.java:150)
	at org.springframework.transaction.interceptor.TransactionInterceptor$1.proceedWithInvocation(TransactionInterceptor.java:96)
	at org.springframework.transaction.interceptor.TransactionAspectSupport.invokeWithinTransaction(TransactionAspectSupport.java:260)
	at org.springframework.transaction.interceptor.TransactionInterceptor.invoke(TransactionInterceptor.java:94)
	at org.springframework.aop.framework.ReflectiveMethodInvocation.proceed(ReflectiveMethodInvocation.java:172)
	at org.springframework.aop.framework.JdkDynamicAopProxy.invoke(JdkDynamicAopProxy.java:204)
	at com.sun.proxy.$Proxy25.findPetById(Unknown Source)
	at org.springframework.samples.petclinic.service.AbstractClinicServiceTests.insertVisit(AbstractClinicServiceTests.java:180)
	at sun.reflect.NativeMethodAccessorImpl.invoke0(Native Method)
	at sun.reflect.NativeMethodAccessorImpl.invoke(NativeMethodAccessorImpl.java:57)
	at sun.reflect.DelegatingMethodAccessorImpl.invoke(DelegatingMethodAccessorImpl.java:43)
	at java.lang.reflect.Method.invoke(Method.java:606)
	at org.junit.runners.model.FrameworkMethod$1.runReflectiveCall(FrameworkMethod.java:47)
	at org.junit.internal.runners.model.ReflectiveCallable.run(ReflectiveCallable.java:12)
	at org.junit.runners.model.FrameworkMethod.invokeExplosively(FrameworkMethod.java:44)
	at org.junit.internal.runners.statements.InvokeMethod.evaluate(InvokeMethod.java:17)
	at org.springframework.test.context.junit4.statements.RunBeforeTestMethodCallbacks.evaluate(RunBeforeTestMethodCallbacks.java:74)
	at org.springframework.test.context.junit4.statements.RunAfterTestMethodCallbacks.evaluate(RunAfterTestMethodCallbacks.java:83)
	at org.springframework.test.context.junit4.statements.SpringRepeat.evaluate(SpringRepeat.java:72)
	at org.springframework.test.context.junit4.SpringJUnit4ClassRunner.runChild(SpringJUnit4ClassRunner.java:231)
	at org.springframework.test.context.junit4.SpringJUnit4ClassRunner.runChild(SpringJUnit4ClassRunner.java:88)
	at org.junit.runners.ParentRunner$3.run(ParentRunner.java:238)
	at org.junit.runners.ParentRunner$1.schedule(ParentRunner.java:63)
	at org.junit.runners.ParentRunner.runChildren(ParentRunner.java:236)
	at org.junit.runners.ParentRunner.access$000(ParentRunner.java:53)
	at org.junit.runners.ParentRunner$2.evaluate(ParentRunner.java:229)
	at org.springframework.test.context.junit4.statements.RunBeforeTestClassCallbacks.evaluate(RunBeforeTestClassCallbacks.java:61)
	at org.springframework.test.context.junit4.statements.RunAfterTestClassCallbacks.evaluate(RunAfterTestClassCallbacks.java:71)
	at org.junit.runners.ParentRunner.run(ParentRunner.java:309)
	at org.springframework.test.context.junit4.SpringJUnit4ClassRunner.run(SpringJUnit4ClassRunner.java:174)
	at org.apache.maven.surefire.junit4.JUnit4Provider.execute(JUnit4Provider.java:264)
	at org.apache.maven.surefire.junit4.JUnit4Provider.executeTestSet(JUnit4Provider.java:153)
	at org.apache.maven.surefire.junit4.JUnit4Provider.invoke(JUnit4Provider.java:124)
	at sun.reflect.NativeMethodAccessorImpl.invoke0(Native Method)
	at sun.reflect.NativeMethodAccessorImpl.invoke(NativeMethodAccessorImpl.java:57)
	at sun.reflect.DelegatingMethodAccessorImpl.invoke(DelegatingMethodAccessorImpl.java:43)
	at java.lang.reflect.Method.invoke(Method.java:606)
	at org.apache.maven.surefire.util.ReflectionUtils.invokeMethodWithArray2(ReflectionUtils.java:208)
	at org.apache.maven.surefire.booter.ProviderFactory$ProviderProxy.invoke(ProviderFactory.java:158)
	at org.apache.maven.surefire.booter.ProviderFactory.invokeProvider(ProviderFactory.java:86)
	at org.apache.maven.surefire.booter.ForkedBooter.runSuitesInProcess(ForkedBooter.java:153)
	at org.apache.maven.surefire.booter.ForkedBooter.main(ForkedBooter.java:95)
</error>
    <system-out>INFO  TransactionalTestExecutionListener - Began transaction (5): transaction manager [org.springframework.orm.jpa.JpaTransactionManager@779c2a63]; rollback [true]
Hibernate: select pet0_.id as id1_1_3_, pet0_.name as name2_1_3_, pet0_.birth_date as birth3_1_3_, pet0_.owner_id as owner4_1_3_, pet0_.type_id as type5_1_3_, owner1_.id as id1_0_0_, owner1_.first_name as first2_0_0_, owner1_.last_name as last3_0_0_, owner1_.address as address4_0_0_, owner1_.city as city5_0_0_, owner1_.telephone as telephon6_0_0_, pettype2_.id as id1_3_1_, pettype2_.name as name2_3_1_, visits3_.pet_id as pet4_1_5_, visits3_.id as id1_6_5_, visits3_.id as id1_6_2_, visits3_.visit_date as visit2_6_2_, visits3_.description as descript3_6_2_, visits3_.pet_id as pet4_6_2_ from pets pet0_ left outer join owners owner1_ on pet0_.owner_id=owner1_.id left outer join types pettype2_ on pet0_.type_id=pettype2_.id left outer join visits visits3_ on pet0_.id=visits3_.pet_id where pet0_.id=?
WARN  SqlExceptionHelper - SQL Error: -5501, SQLState: 42501
ERROR SqlExceptionHelper - user lacks privilege or object not found: PETS
INFO  DefaultLoadEventListener - HHH000327: Error performing load command : org.hibernate.exception.SQLGrammarException: could not prepare statement
INFO  TransactionalTestExecutionListener - Rolled back transaction after test execution for test context [TestContext@4e02f273 testClass = ClinicServiceJpaTests, testInstance = org.springframework.samples.petclinic.service.ClinicServiceJpaTests@24b26fc, testMethod = insertVisit@AbstractClinicServiceTests, testException = org.springframework.dao.InvalidDataAccessResourceUsageException: could not prepare statement; SQL [select pet0_.id as id1_1_3_, pet0_.name as name2_1_3_, pet0_.birth_date as birth3_1_3_, pet0_.owner_id as owner4_1_3_, pet0_.type_id as type5_1_3_, owner1_.id as id1_0_0_, owner1_.first_name as first2_0_0_, owner1_.last_name as last3_0_0_, owner1_.address as address4_0_0_, owner1_.city as city5_0_0_, owner1_.telephone as telephon6_0_0_, pettype2_.id as id1_3_1_, pettype2_.name as name2_3_1_, visits3_.pet_id as pet4_1_5_, visits3_.id as id1_6_5_, visits3_.id as id1_6_2_, visits3_.visit_date as visit2_6_2_, visits3_.description as descript3_6_2_, visits3_.pet_id as pet4_6_2_ from pets pet0_ left outer join owners owner1_ on pet0_.owner_id=owner1_.id left outer join types pettype2_ on pet0_.type_id=pettype2_.id left outer join visits visits3_ on pet0_.id=visits3_.pet_id where pet0_.id=?]; nested exception is org.hibernate.exception.SQLGrammarException: could not prepare statement, mergedContextConfiguration = [MergedContextConfiguration@2193b6b testClass = ClinicServiceJpaTests, locations = &apos;{classpath:spring/business-config.xml}&apos;, classes = &apos;{}&apos;, contextInitializerClasses = &apos;[]&apos;, activeProfiles = &apos;{}&apos;, contextLoader = &apos;org.springframework.test.context.support.DelegatingSmartContextLoader&apos;, parent = [null]]]
</system-out>
  </testcase>
  <testcase time="0.006" classname="org.springframework.samples.petclinic.service.ClinicServiceJpaTests" name="findOwners">
    <error message="could not prepare statement; SQL [select distinct owner0_.id as id1_0_0_, pets1_.id as id1_1_1_, owner0_.first_name as first2_0_0_, owner0_.last_name as last3_0_0_, owner0_.address as address4_0_0_, owner0_.city as city5_0_0_, owner0_.telephone as telephon6_0_0_, pets1_.name as name2_1_1_, pets1_.birth_date as birth3_1_1_, pets1_.owner_id as owner4_1_1_, pets1_.type_id as type5_1_1_, pets1_.owner_id as owner4_0_0__, pets1_.id as id1_1_0__ from owners owner0_ left outer join pets pets1_ on owner0_.id=pets1_.owner_id where owner0_.last_name like ?]; nested exception is org.hibernate.exception.SQLGrammarException: could not prepare statement" type="org.springframework.dao.InvalidDataAccessResourceUsageException">org.springframework.dao.InvalidDataAccessResourceUsageException: could not prepare statement; SQL [select distinct owner0_.id as id1_0_0_, pets1_.id as id1_1_1_, owner0_.first_name as first2_0_0_, owner0_.last_name as last3_0_0_, owner0_.address as address4_0_0_, owner0_.city as city5_0_0_, owner0_.telephone as telephon6_0_0_, pets1_.name as name2_1_1_, pets1_.birth_date as birth3_1_1_, pets1_.owner_id as owner4_1_1_, pets1_.type_id as type5_1_1_, pets1_.owner_id as owner4_0_0__, pets1_.id as id1_1_0__ from owners owner0_ left outer join pets pets1_ on owner0_.id=pets1_.owner_id where owner0_.last_name like ?]; nested exception is org.hibernate.exception.SQLGrammarException: could not prepare statement
	at org.hsqldb.error.Error.error(Unknown Source)
	at org.hsqldb.error.Error.error(Unknown Source)
	at org.hsqldb.SchemaManager.getTable(Unknown Source)
	at org.hsqldb.ParserDQL.readTableName(Unknown Source)
	at org.hsqldb.ParserDQL.readTableOrSubquery(Unknown Source)
	at org.hsqldb.ParserDQL.XreadTableReference(Unknown Source)
	at org.hsqldb.ParserDQL.XreadFromClause(Unknown Source)
	at org.hsqldb.ParserDQL.XreadTableExpression(Unknown Source)
	at org.hsqldb.ParserDQL.XreadQuerySpecification(Unknown Source)
	at org.hsqldb.ParserDQL.XreadSimpleTable(Unknown Source)
	at org.hsqldb.ParserDQL.XreadQueryPrimary(Unknown Source)
	at org.hsqldb.ParserDQL.XreadQueryTerm(Unknown Source)
	at org.hsqldb.ParserDQL.XreadQueryExpressionBody(Unknown Source)
	at org.hsqldb.ParserDQL.XreadQueryExpression(Unknown Source)
	at org.hsqldb.ParserDQL.compileCursorSpecification(Unknown Source)
	at org.hsqldb.ParserCommand.compilePart(Unknown Source)
	at org.hsqldb.ParserCommand.compileStatement(Unknown Source)
	at org.hsqldb.Session.compileStatement(Unknown Source)
	at org.hsqldb.StatementManager.compile(Unknown Source)
	at org.hsqldb.Session.execute(Unknown Source)
	at org.hsqldb.jdbc.JDBCPreparedStatement.&lt;init&gt;(Unknown Source)
	at org.hsqldb.jdbc.JDBCConnection.prepareStatement(Unknown Source)
	at sun.reflect.GeneratedMethodAccessor20.invoke(Unknown Source)
	at sun.reflect.DelegatingMethodAccessorImpl.invoke(DelegatingMethodAccessorImpl.java:43)
	at java.lang.reflect.Method.invoke(Method.java:606)
	at org.apache.tomcat.jdbc.pool.ProxyConnection.invoke(ProxyConnection.java:126)
	at org.apache.tomcat.jdbc.pool.JdbcInterceptor.invoke(JdbcInterceptor.java:109)
	at org.apache.tomcat.jdbc.pool.DisposableConnectionFacade.invoke(DisposableConnectionFacade.java:80)
	at com.sun.proxy.$Proxy22.prepareStatement(Unknown Source)
	at org.hibernate.engine.jdbc.internal.StatementPreparerImpl$5.doPrepare(StatementPreparerImpl.java:161)
	at org.hibernate.engine.jdbc.internal.StatementPreparerImpl$StatementPreparationTemplate.prepareStatement(StatementPreparerImpl.java:182)
	at org.hibernate.engine.jdbc.internal.StatementPreparerImpl.prepareQueryStatement(StatementPreparerImpl.java:159)
	at org.hibernate.loader.Loader.prepareQueryStatement(Loader.java:1858)
	at org.hibernate.loader.Loader.executeQueryStatement(Loader.java:1835)
	at org.hibernate.loader.Loader.executeQueryStatement(Loader.java:1815)
	at org.hibernate.loader.Loader.doQuery(Loader.java:899)
	at org.hibernate.loader.Loader.doQueryAndInitializeNonLazyCollections(Loader.java:341)
	at org.hibernate.loader.Loader.doList(Loader.java:2522)
	at org.hibernate.loader.Loader.doList(Loader.java:2508)
	at org.hibernate.loader.Loader.listIgnoreQueryCache(Loader.java:2338)
	at org.hibernate.loader.Loader.list(Loader.java:2333)
	at org.hibernate.loader.hql.QueryLoader.list(QueryLoader.java:490)
	at org.hibernate.hql.internal.ast.QueryTranslatorImpl.list(QueryTranslatorImpl.java:355)
	at org.hibernate.engine.query.spi.HQLQueryPlan.performList(HQLQueryPlan.java:195)
	at org.hibernate.internal.SessionImpl.list(SessionImpl.java:1269)
	at org.hibernate.internal.QueryImpl.list(QueryImpl.java:101)
	at org.hibernate.ejb.QueryImpl.getResultList(QueryImpl.java:264)
	at org.springframework.samples.petclinic.repository.jpa.JpaOwnerRepositoryImpl.findByLastName(JpaOwnerRepositoryImpl.java:58)
	at sun.reflect.NativeMethodAccessorImpl.invoke0(Native Method)
	at sun.reflect.NativeMethodAccessorImpl.invoke(NativeMethodAccessorImpl.java:57)
	at sun.reflect.DelegatingMethodAccessorImpl.invoke(DelegatingMethodAccessorImpl.java:43)
	at java.lang.reflect.Method.invoke(Method.java:606)
	at org.springframework.aop.support.AopUtils.invokeJoinpointUsingReflection(AopUtils.java:317)
	at org.springframework.aop.framework.ReflectiveMethodInvocation.invokeJoinpoint(ReflectiveMethodInvocation.java:183)
	at org.springframework.aop.framework.ReflectiveMethodInvocation.proceed(ReflectiveMethodInvocation.java:150)
	at org.springframework.dao.support.PersistenceExceptionTranslationInterceptor.invoke(PersistenceExceptionTranslationInterceptor.java:155)
	at org.springframework.aop.framework.ReflectiveMethodInvocation.proceed(ReflectiveMethodInvocation.java:172)
	at org.springframework.aop.framework.JdkDynamicAopProxy.invoke(JdkDynamicAopProxy.java:204)
	at com.sun.proxy.$Proxy46.findByLastName(Unknown Source)
	at org.springframework.samples.petclinic.service.ClinicServiceImpl.findOwnerByLastName(ClinicServiceImpl.java:72)
	at sun.reflect.NativeMethodAccessorImpl.invoke0(Native Method)
	at sun.reflect.NativeMethodAccessorImpl.invoke(NativeMethodAccessorImpl.java:57)
	at sun.reflect.DelegatingMethodAccessorImpl.invoke(DelegatingMethodAccessorImpl.java:43)
	at java.lang.reflect.Method.invoke(Method.java:606)
	at org.springframework.aop.support.AopUtils.invokeJoinpointUsingReflection(AopUtils.java:317)
	at org.springframework.aop.framework.ReflectiveMethodInvocation.invokeJoinpoint(ReflectiveMethodInvocation.java:183)
	at org.springframework.aop.framework.ReflectiveMethodInvocation.proceed(ReflectiveMethodInvocation.java:150)
	at org.springframework.transaction.interceptor.TransactionInterceptor$1.proceedWithInvocation(TransactionInterceptor.java:96)
	at org.springframework.transaction.interceptor.TransactionAspectSupport.invokeWithinTransaction(TransactionAspectSupport.java:260)
	at org.springframework.transaction.interceptor.TransactionInterceptor.invoke(TransactionInterceptor.java:94)
	at org.springframework.aop.framework.ReflectiveMethodInvocation.proceed(ReflectiveMethodInvocation.java:172)
	at org.springframework.aop.framework.JdkDynamicAopProxy.invoke(JdkDynamicAopProxy.java:204)
	at com.sun.proxy.$Proxy25.findOwnerByLastName(Unknown Source)
	at org.springframework.samples.petclinic.service.AbstractClinicServiceTests.findOwners(AbstractClinicServiceTests.java:64)
	at sun.reflect.NativeMethodAccessorImpl.invoke0(Native Method)
	at sun.reflect.NativeMethodAccessorImpl.invoke(NativeMethodAccessorImpl.java:57)
	at sun.reflect.DelegatingMethodAccessorImpl.invoke(DelegatingMethodAccessorImpl.java:43)
	at java.lang.reflect.Method.invoke(Method.java:606)
	at org.junit.runners.model.FrameworkMethod$1.runReflectiveCall(FrameworkMethod.java:47)
	at org.junit.internal.runners.model.ReflectiveCallable.run(ReflectiveCallable.java:12)
	at org.junit.runners.model.FrameworkMethod.invokeExplosively(FrameworkMethod.java:44)
	at org.junit.internal.runners.statements.InvokeMethod.evaluate(InvokeMethod.java:17)
	at org.springframework.test.context.junit4.statements.RunBeforeTestMethodCallbacks.evaluate(RunBeforeTestMethodCallbacks.java:74)
	at org.springframework.test.context.junit4.statements.RunAfterTestMethodCallbacks.evaluate(RunAfterTestMethodCallbacks.java:83)
	at org.springframework.test.context.junit4.statements.SpringRepeat.evaluate(SpringRepeat.java:72)
	at org.springframework.test.context.junit4.SpringJUnit4ClassRunner.runChild(SpringJUnit4ClassRunner.java:231)
	at org.springframework.test.context.junit4.SpringJUnit4ClassRunner.runChild(SpringJUnit4ClassRunner.java:88)
	at org.junit.runners.ParentRunner$3.run(ParentRunner.java:238)
	at org.junit.runners.ParentRunner$1.schedule(ParentRunner.java:63)
	at org.junit.runners.ParentRunner.runChildren(ParentRunner.java:236)
	at org.junit.runners.ParentRunner.access$000(ParentRunner.java:53)
	at org.junit.runners.ParentRunner$2.evaluate(ParentRunner.java:229)
	at org.springframework.test.context.junit4.statements.RunBeforeTestClassCallbacks.evaluate(RunBeforeTestClassCallbacks.java:61)
	at org.springframework.test.context.junit4.statements.RunAfterTestClassCallbacks.evaluate(RunAfterTestClassCallbacks.java:71)
	at org.junit.runners.ParentRunner.run(ParentRunner.java:309)
	at org.springframework.test.context.junit4.SpringJUnit4ClassRunner.run(SpringJUnit4ClassRunner.java:174)
	at org.apache.maven.surefire.junit4.JUnit4Provider.execute(JUnit4Provider.java:264)
	at org.apache.maven.surefire.junit4.JUnit4Provider.executeTestSet(JUnit4Provider.java:153)
	at org.apache.maven.surefire.junit4.JUnit4Provider.invoke(JUnit4Provider.java:124)
	at sun.reflect.NativeMethodAccessorImpl.invoke0(Native Method)
	at sun.reflect.NativeMethodAccessorImpl.invoke(NativeMethodAccessorImpl.java:57)
	at sun.reflect.DelegatingMethodAccessorImpl.invoke(DelegatingMethodAccessorImpl.java:43)
	at java.lang.reflect.Method.invoke(Method.java:606)
	at org.apache.maven.surefire.util.ReflectionUtils.invokeMethodWithArray2(ReflectionUtils.java:208)
	at org.apache.maven.surefire.booter.ProviderFactory$ProviderProxy.invoke(ProviderFactory.java:158)
	at org.apache.maven.surefire.booter.ProviderFactory.invokeProvider(ProviderFactory.java:86)
	at org.apache.maven.surefire.booter.ForkedBooter.runSuitesInProcess(ForkedBooter.java:153)
	at org.apache.maven.surefire.booter.ForkedBooter.main(ForkedBooter.java:95)
</error>
    <system-out>INFO  TransactionalTestExecutionListener - Began transaction (6): transaction manager [org.springframework.orm.jpa.JpaTransactionManager@779c2a63]; rollback [true]
Hibernate: select distinct owner0_.id as id1_0_0_, pets1_.id as id1_1_1_, owner0_.first_name as first2_0_0_, owner0_.last_name as last3_0_0_, owner0_.address as address4_0_0_, owner0_.city as city5_0_0_, owner0_.telephone as telephon6_0_0_, pets1_.name as name2_1_1_, pets1_.birth_date as birth3_1_1_, pets1_.owner_id as owner4_1_1_, pets1_.type_id as type5_1_1_, pets1_.owner_id as owner4_0_0__, pets1_.id as id1_1_0__ from owners owner0_ left outer join pets pets1_ on owner0_.id=pets1_.owner_id where owner0_.last_name like ?
WARN  SqlExceptionHelper - SQL Error: -5501, SQLState: 42501
ERROR SqlExceptionHelper - user lacks privilege or object not found: OWNERS
INFO  TransactionalTestExecutionListener - Rolled back transaction after test execution for test context [TestContext@4e02f273 testClass = ClinicServiceJpaTests, testInstance = org.springframework.samples.petclinic.service.ClinicServiceJpaTests@68a06cf, testMethod = findOwners@AbstractClinicServiceTests, testException = org.springframework.dao.InvalidDataAccessResourceUsageException: could not prepare statement; SQL [select distinct owner0_.id as id1_0_0_, pets1_.id as id1_1_1_, owner0_.first_name as first2_0_0_, owner0_.last_name as last3_0_0_, owner0_.address as address4_0_0_, owner0_.city as city5_0_0_, owner0_.telephone as telephon6_0_0_, pets1_.name as name2_1_1_, pets1_.birth_date as birth3_1_1_, pets1_.owner_id as owner4_1_1_, pets1_.type_id as type5_1_1_, pets1_.owner_id as owner4_0_0__, pets1_.id as id1_1_0__ from owners owner0_ left outer join pets pets1_ on owner0_.id=pets1_.owner_id where owner0_.last_name like ?]; nested exception is org.hibernate.exception.SQLGrammarException: could not prepare statement, mergedContextConfiguration = [MergedContextConfiguration@2193b6b testClass = ClinicServiceJpaTests, locations = &apos;{classpath:spring/business-config.xml}&apos;, classes = &apos;{}&apos;, contextInitializerClasses = &apos;[]&apos;, activeProfiles = &apos;{}&apos;, contextLoader = &apos;org.springframework.test.context.support.DelegatingSmartContextLoader&apos;, parent = [null]]]
</system-out>
  </testcase>
</testsuite>